2024-01-21T16:50:06.833+01:00  INFO 3256 --- [main] o.u.etf.ip.backend.BackendApplication    : Starting BackendApplication using Java 17.0.9 with PID 3256 (C:\Users\User\Desktop\IP-Project\BackendSpring\backend\target\classes started by Тепица in C:\Users\User\Desktop\IP-Project\BackendSpring\backend)
2024-01-21T16:50:06.854+01:00  INFO 3256 --- [main] o.u.etf.ip.backend.BackendApplication    : No active profile set, falling back to 1 default profile: "default"
2024-01-21T16:50:09.083+01:00  INFO 3256 --- [main] .s.d.r.c.RepositoryConfigurationDelegate : Bootstrapping Spring Data JPA repositories in DEFAULT mode.
2024-01-21T16:50:09.209+01:00  INFO 3256 --- [main] .s.d.r.c.RepositoryConfigurationDelegate : Finished Spring Data repository scanning in 115 ms. Found 12 JPA repository interfaces.
2024-01-21T16:50:09.956+01:00  INFO 3256 --- [main] o.s.b.w.embedded.tomcat.TomcatWebServer  : Tomcat initialized with port 4040 (http)
2024-01-21T16:50:09.969+01:00  INFO 3256 --- [main] o.apache.catalina.core.StandardService   : Starting service [Tomcat]
2024-01-21T16:50:09.970+01:00  INFO 3256 --- [main] o.apache.catalina.core.StandardEngine    : Starting Servlet engine: [Apache Tomcat/10.1.17]
2024-01-21T16:50:10.077+01:00  INFO 3256 --- [main] o.a.c.c.C.[Tomcat].[localhost].[/]       : Initializing Spring embedded WebApplicationContext
2024-01-21T16:50:10.078+01:00  INFO 3256 --- [main] w.s.c.ServletWebServerApplicationContext : Root WebApplicationContext: initialization completed in 3132 ms
2024-01-21T16:50:10.248+01:00  INFO 3256 --- [main] o.hibernate.jpa.internal.util.LogHelper  : HHH000204: Processing PersistenceUnitInfo [name: default]
2024-01-21T16:50:10.346+01:00  INFO 3256 --- [main] org.hibernate.Version                    : HHH000412: Hibernate ORM core version 6.4.1.Final
2024-01-21T16:50:10.400+01:00  INFO 3256 --- [main] o.h.c.internal.RegionFactoryInitiator    : HHH000026: Second-level cache disabled
2024-01-21T16:50:10.662+01:00  INFO 3256 --- [main] o.s.o.j.p.SpringPersistenceUnitInfo      : No LoadTimeWeaver setup: ignoring JPA class transformer
2024-01-21T16:50:10.691+01:00  INFO 3256 --- [main] com.zaxxer.hikari.HikariDataSource       : HikariPool-1 - Starting...
2024-01-21T16:50:11.186+01:00  INFO 3256 --- [main] com.zaxxer.hikari.pool.HikariPool        : HikariPool-1 - Added connection com.mysql.cj.jdbc.ConnectionImpl@1410d645
2024-01-21T16:50:11.189+01:00  INFO 3256 --- [main] com.zaxxer.hikari.HikariDataSource       : HikariPool-1 - Start completed.
2024-01-21T16:50:11.259+01:00  WARN 3256 --- [main] org.hibernate.orm.deprecation            : HHH90000025: MySQL8Dialect does not need to be specified explicitly using 'hibernate.dialect' (remove the property setting and it will be selected by default)
2024-01-21T16:50:11.262+01:00  WARN 3256 --- [main] org.hibernate.orm.deprecation            : HHH90000026: MySQL8Dialect has been deprecated; use org.hibernate.dialect.MySQLDialect instead
2024-01-21T16:50:11.950+01:00  WARN 3256 --- [main] org.hibernate.mapping.RootClass          : HHH000038: Composite-id class does not override equals(): org.unibl.etf.ip.backend.model.KorisnikPretplacenProgramEntityPK
2024-01-21T16:50:11.950+01:00  WARN 3256 --- [main] org.hibernate.mapping.RootClass          : HHH000039: Composite-id class does not override hashCode(): org.unibl.etf.ip.backend.model.KorisnikPretplacenProgramEntityPK
2024-01-21T16:50:11.951+01:00  WARN 3256 --- [main] org.hibernate.mapping.RootClass          : HHH000038: Composite-id class does not override equals(): org.unibl.etf.ip.backend.model.KorisnikPretplacenKategorijaEntityPK
2024-01-21T16:50:11.951+01:00  WARN 3256 --- [main] org.hibernate.mapping.RootClass          : HHH000039: Composite-id class does not override hashCode(): org.unibl.etf.ip.backend.model.KorisnikPretplacenKategorijaEntityPK
2024-01-21T16:50:12.890+01:00  INFO 3256 --- [main] o.h.e.t.j.p.i.JtaPlatformInitiator       : HHH000489: No JTA platform available (set 'hibernate.transaction.jta.platform' to enable JTA platform integration)
2024-01-21T16:50:13.172+01:00  INFO 3256 --- [main] j.LocalContainerEntityManagerFactoryBean : Initialized JPA EntityManagerFactory for persistence unit 'default'
2024-01-21T16:50:14.177+01:00  WARN 3256 --- [main] JpaBaseConfiguration$JpaWebConfiguration : spring.jpa.open-in-view is enabled by default. Therefore, database queries may be performed during view rendering. Explicitly configure spring.jpa.open-in-view to disable this warning
2024-01-21T16:50:14.616+01:00  INFO 3256 --- [main] o.s.s.web.DefaultSecurityFilterChain     : Will secure any request with [org.springframework.security.web.session.DisableEncodeUrlFilter@6c2a7c73, org.springframework.security.web.context.request.async.WebAsyncManagerIntegrationFilter@3ade99bb, org.springframework.security.web.context.SecurityContextHolderFilter@493ed8e6, org.springframework.security.web.header.HeaderWriterFilter@73b71935, org.springframework.web.filter.CorsFilter@193710c3, org.springframework.security.web.authentication.logout.LogoutFilter@58397dd, org.unibl.etf.ip.backend.jtwconfig.JwtAuthenticationFilter@1a1dd8eb, org.springframework.security.web.savedrequest.RequestCacheAwareFilter@4dcc0e3d, org.springframework.security.web.servletapi.SecurityContextHolderAwareRequestFilter@7fecc26f, org.springframework.security.web.authentication.AnonymousAuthenticationFilter@eb23b9c, org.springframework.security.web.session.SessionManagementFilter@16448827, org.springframework.security.web.access.ExceptionTranslationFilter@6fa5fc67, org.springframework.security.web.access.intercept.AuthorizationFilter@549b26d7]
2024-01-21T16:50:14.992+01:00  WARN 3256 --- [main] o.s.b.a.f.FreeMarkerAutoConfiguration    : Cannot find template location(s): [classpath:/templates/] (please add some templates, check your FreeMarker configuration, or set spring.freemarker.check-template-location=false)
2024-01-21T16:50:15.106+01:00  INFO 3256 --- [main] o.s.b.w.embedded.tomcat.TomcatWebServer  : Tomcat started on port 4040 (http) with context path ''
2024-01-21T16:50:15.135+01:00  INFO 3256 --- [main] o.u.etf.ip.backend.BackendApplication    : Started BackendApplication in 9.021 seconds (process running for 20.512)
2024-01-21T16:54:14.560+01:00  INFO 3256 --- [http-nio-4040-exec-1] o.a.c.c.C.[Tomcat].[localhost].[/]       : Initializing Spring DispatcherServlet 'dispatcherServlet'
2024-01-21T16:54:14.577+01:00  INFO 3256 --- [http-nio-4040-exec-1] o.s.web.servlet.DispatcherServlet        : Initializing Servlet 'dispatcherServlet'
2024-01-21T16:54:14.677+01:00  INFO 3256 --- [http-nio-4040-exec-1] o.s.web.servlet.DispatcherServlet        : Completed initialization in 100 ms
2024-01-21T17:03:34.535+01:00 ERROR 3256 --- [http-nio-4040-exec-10] o.a.c.c.C.[.[.[/].[dispatcherServlet]    : Servlet.service() for servlet [dispatcherServlet] in context with path [] threw exception [Request processing failed: java.lang.ClassCastException: class java.lang.String cannot be cast to class org.unibl.etf.ip.backend.model.KorisnikEntity (java.lang.String is in module java.base of loader 'bootstrap'; org.unibl.etf.ip.backend.model.KorisnikEntity is in unnamed module of loader 'app')] with root cause

java.lang.ClassCastException: class java.lang.String cannot be cast to class org.unibl.etf.ip.backend.model.KorisnikEntity (java.lang.String is in module java.base of loader 'bootstrap'; org.unibl.etf.ip.backend.model.KorisnikEntity is in unnamed module of loader 'app')
	at org.unibl.etf.ip.backend.loginservice.UserLoginHelp.extractCredentials(UserLoginHelp.java:12) ~[classes/:na]
	at org.unibl.etf.ip.backend.loginservice.UserLoginHelp.checkUserValidity(UserLoginHelp.java:17) ~[classes/:na]
	at org.unibl.etf.ip.backend.controller.FitnessUserController.getFitnessUserById(FitnessUserController.java:33) ~[classes/:na]
	at java.base/jdk.internal.reflect.NativeMethodAccessorImpl.invoke0(Native Method) ~[na:na]
	at java.base/jdk.internal.reflect.NativeMethodAccessorImpl.invoke(NativeMethodAccessorImpl.java:77) ~[na:na]
	at java.base/jdk.internal.reflect.DelegatingMethodAccessorImpl.invoke(DelegatingMethodAccessorImpl.java:43) ~[na:na]
	at java.base/java.lang.reflect.Method.invoke(Method.java:568) ~[na:na]
	at org.springframework.web.method.support.InvocableHandlerMethod.doInvoke(InvocableHandlerMethod.java:262) ~[spring-web-6.1.2.jar:6.1.2]
	at org.springframework.web.method.support.InvocableHandlerMethod.invokeForRequest(InvocableHandlerMethod.java:190) ~[spring-web-6.1.2.jar:6.1.2]
	at org.springframework.web.servlet.mvc.method.annotation.ServletInvocableHandlerMethod.invokeAndHandle(ServletInvocableHandlerMethod.java:118) ~[spring-webmvc-6.1.2.jar:6.1.2]
	at org.springframework.web.servlet.mvc.method.annotation.RequestMappingHandlerAdapter.invokeHandlerMethod(RequestMappingHandlerAdapter.java:917) ~[spring-webmvc-6.1.2.jar:6.1.2]
	at org.springframework.web.servlet.mvc.method.annotation.RequestMappingHandlerAdapter.handleInternal(RequestMappingHandlerAdapter.java:829) ~[spring-webmvc-6.1.2.jar:6.1.2]
	at org.springframework.web.servlet.mvc.method.AbstractHandlerMethodAdapter.handle(AbstractHandlerMethodAdapter.java:87) ~[spring-webmvc-6.1.2.jar:6.1.2]
	at org.springframework.web.servlet.DispatcherServlet.doDispatch(DispatcherServlet.java:1089) ~[spring-webmvc-6.1.2.jar:6.1.2]
	at org.springframework.web.servlet.DispatcherServlet.doService(DispatcherServlet.java:979) ~[spring-webmvc-6.1.2.jar:6.1.2]
	at org.springframework.web.servlet.FrameworkServlet.processRequest(FrameworkServlet.java:1014) ~[spring-webmvc-6.1.2.jar:6.1.2]
	at org.springframework.web.servlet.FrameworkServlet.doGet(FrameworkServlet.java:903) ~[spring-webmvc-6.1.2.jar:6.1.2]
	at jakarta.servlet.http.HttpServlet.service(HttpServlet.java:564) ~[tomcat-embed-core-10.1.17.jar:6.0]
	at org.springframework.web.servlet.FrameworkServlet.service(FrameworkServlet.java:885) ~[spring-webmvc-6.1.2.jar:6.1.2]
	at jakarta.servlet.http.HttpServlet.service(HttpServlet.java:658) ~[tomcat-embed-core-10.1.17.jar:6.0]
	at org.apache.catalina.core.ApplicationFilterChain.internalDoFilter(ApplicationFilterChain.java:205) ~[tomcat-embed-core-10.1.17.jar:10.1.17]
	at org.apache.catalina.core.ApplicationFilterChain.doFilter(ApplicationFilterChain.java:149) ~[tomcat-embed-core-10.1.17.jar:10.1.17]
	at org.apache.tomcat.websocket.server.WsFilter.doFilter(WsFilter.java:51) ~[tomcat-embed-websocket-10.1.17.jar:10.1.17]
	at org.apache.catalina.core.ApplicationFilterChain.internalDoFilter(ApplicationFilterChain.java:174) ~[tomcat-embed-core-10.1.17.jar:10.1.17]
	at org.apache.catalina.core.ApplicationFilterChain.doFilter(ApplicationFilterChain.java:149) ~[tomcat-embed-core-10.1.17.jar:10.1.17]
	at org.springframework.web.filter.OncePerRequestFilter.doFilter(OncePerRequestFilter.java:110) ~[spring-web-6.1.2.jar:6.1.2]
	at org.apache.catalina.core.ApplicationFilterChain.internalDoFilter(ApplicationFilterChain.java:174) ~[tomcat-embed-core-10.1.17.jar:10.1.17]
	at org.apache.catalina.core.ApplicationFilterChain.doFilter(ApplicationFilterChain.java:149) ~[tomcat-embed-core-10.1.17.jar:10.1.17]
	at org.springframework.web.filter.CompositeFilter$VirtualFilterChain.doFilter(CompositeFilter.java:108) ~[spring-web-6.1.2.jar:6.1.2]
	at org.springframework.security.web.FilterChainProxy.lambda$doFilterInternal$3(FilterChainProxy.java:231) ~[spring-security-web-6.2.1.jar:6.2.1]
	at org.springframework.security.web.FilterChainProxy$VirtualFilterChain.doFilter(FilterChainProxy.java:365) ~[spring-security-web-6.2.1.jar:6.2.1]
	at org.springframework.security.web.access.intercept.AuthorizationFilter.doFilter(AuthorizationFilter.java:100) ~[spring-security-web-6.2.1.jar:6.2.1]
	at org.springframework.security.web.FilterChainProxy$VirtualFilterChain.doFilter(FilterChainProxy.java:374) ~[spring-security-web-6.2.1.jar:6.2.1]
	at org.springframework.security.web.access.ExceptionTranslationFilter.doFilter(ExceptionTranslationFilter.java:126) ~[spring-security-web-6.2.1.jar:6.2.1]
	at org.springframework.security.web.access.ExceptionTranslationFilter.doFilter(ExceptionTranslationFilter.java:120) ~[spring-security-web-6.2.1.jar:6.2.1]
	at org.springframework.security.web.FilterChainProxy$VirtualFilterChain.doFilter(FilterChainProxy.java:374) ~[spring-security-web-6.2.1.jar:6.2.1]
	at org.springframework.security.web.session.SessionManagementFilter.doFilter(SessionManagementFilter.java:131) ~[spring-security-web-6.2.1.jar:6.2.1]
	at org.springframework.security.web.session.SessionManagementFilter.doFilter(SessionManagementFilter.java:85) ~[spring-security-web-6.2.1.jar:6.2.1]
	at org.springframework.security.web.FilterChainProxy$VirtualFilterChain.doFilter(FilterChainProxy.java:374) ~[spring-security-web-6.2.1.jar:6.2.1]
	at org.springframework.security.web.authentication.AnonymousAuthenticationFilter.doFilter(AnonymousAuthenticationFilter.java:100) ~[spring-security-web-6.2.1.jar:6.2.1]
	at org.springframework.security.web.FilterChainProxy$VirtualFilterChain.doFilter(FilterChainProxy.java:374) ~[spring-security-web-6.2.1.jar:6.2.1]
	at org.springframework.security.web.servletapi.SecurityContextHolderAwareRequestFilter.doFilter(SecurityContextHolderAwareRequestFilter.java:179) ~[spring-security-web-6.2.1.jar:6.2.1]
	at org.springframework.security.web.FilterChainProxy$VirtualFilterChain.doFilter(FilterChainProxy.java:374) ~[spring-security-web-6.2.1.jar:6.2.1]
	at org.springframework.security.web.savedrequest.RequestCacheAwareFilter.doFilter(RequestCacheAwareFilter.java:63) ~[spring-security-web-6.2.1.jar:6.2.1]
	at org.springframework.security.web.FilterChainProxy$VirtualFilterChain.doFilter(FilterChainProxy.java:374) ~[spring-security-web-6.2.1.jar:6.2.1]
	at org.unibl.etf.ip.backend.jtwconfig.JwtAuthenticationFilter.doFilterInternal(JwtAuthenticationFilter.java:42) ~[classes/:na]
	at org.springframework.web.filter.OncePerRequestFilter.doFilter(OncePerRequestFilter.java:116) ~[spring-web-6.1.2.jar:6.1.2]
	at org.springframework.security.web.FilterChainProxy$VirtualFilterChain.doFilter(FilterChainProxy.java:374) ~[spring-security-web-6.2.1.jar:6.2.1]
	at org.springframework.security.web.authentication.logout.LogoutFilter.doFilter(LogoutFilter.java:107) ~[spring-security-web-6.2.1.jar:6.2.1]
	at org.springframework.security.web.authentication.logout.LogoutFilter.doFilter(LogoutFilter.java:93) ~[spring-security-web-6.2.1.jar:6.2.1]
	at org.springframework.security.web.FilterChainProxy$VirtualFilterChain.doFilter(FilterChainProxy.java:374) ~[spring-security-web-6.2.1.jar:6.2.1]
	at org.springframework.web.filter.CorsFilter.doFilterInternal(CorsFilter.java:91) ~[spring-web-6.1.2.jar:6.1.2]
	at org.springframework.web.filter.OncePerRequestFilter.doFilter(OncePerRequestFilter.java:116) ~[spring-web-6.1.2.jar:6.1.2]
	at org.springframework.security.web.FilterChainProxy$VirtualFilterChain.doFilter(FilterChainProxy.java:374) ~[spring-security-web-6.2.1.jar:6.2.1]
	at org.springframework.security.web.header.HeaderWriterFilter.doHeadersAfter(HeaderWriterFilter.java:90) ~[spring-security-web-6.2.1.jar:6.2.1]
	at org.springframework.security.web.header.HeaderWriterFilter.doFilterInternal(HeaderWriterFilter.java:75) ~[spring-security-web-6.2.1.jar:6.2.1]
	at org.springframework.web.filter.OncePerRequestFilter.doFilter(OncePerRequestFilter.java:116) ~[spring-web-6.1.2.jar:6.1.2]
	at org.springframework.security.web.FilterChainProxy$VirtualFilterChain.doFilter(FilterChainProxy.java:374) ~[spring-security-web-6.2.1.jar:6.2.1]
	at org.springframework.security.web.context.SecurityContextHolderFilter.doFilter(SecurityContextHolderFilter.java:82) ~[spring-security-web-6.2.1.jar:6.2.1]
	at org.springframework.security.web.context.SecurityContextHolderFilter.doFilter(SecurityContextHolderFilter.java:69) ~[spring-security-web-6.2.1.jar:6.2.1]
	at org.springframework.security.web.FilterChainProxy$VirtualFilterChain.doFilter(FilterChainProxy.java:374) ~[spring-security-web-6.2.1.jar:6.2.1]
	at org.springframework.security.web.context.request.async.WebAsyncManagerIntegrationFilter.doFilterInternal(WebAsyncManagerIntegrationFilter.java:62) ~[spring-security-web-6.2.1.jar:6.2.1]
	at org.springframework.web.filter.OncePerRequestFilter.doFilter(OncePerRequestFilter.java:116) ~[spring-web-6.1.2.jar:6.1.2]
	at org.springframework.security.web.FilterChainProxy$VirtualFilterChain.doFilter(FilterChainProxy.java:374) ~[spring-security-web-6.2.1.jar:6.2.1]
	at org.springframework.security.web.session.DisableEncodeUrlFilter.doFilterInternal(DisableEncodeUrlFilter.java:42) ~[spring-security-web-6.2.1.jar:6.2.1]
	at org.springframework.web.filter.OncePerRequestFilter.doFilter(OncePerRequestFilter.java:116) ~[spring-web-6.1.2.jar:6.1.2]
	at org.springframework.security.web.FilterChainProxy$VirtualFilterChain.doFilter(FilterChainProxy.java:374) ~[spring-security-web-6.2.1.jar:6.2.1]
	at org.springframework.security.web.FilterChainProxy.doFilterInternal(FilterChainProxy.java:233) ~[spring-security-web-6.2.1.jar:6.2.1]
	at org.springframework.security.web.FilterChainProxy.doFilter(FilterChainProxy.java:191) ~[spring-security-web-6.2.1.jar:6.2.1]
	at org.springframework.web.filter.CompositeFilter$VirtualFilterChain.doFilter(CompositeFilter.java:113) ~[spring-web-6.1.2.jar:6.1.2]
	at org.springframework.web.servlet.handler.HandlerMappingIntrospector.lambda$createCacheFilter$3(HandlerMappingIntrospector.java:195) ~[spring-webmvc-6.1.2.jar:6.1.2]
	at org.springframework.web.filter.CompositeFilter$VirtualFilterChain.doFilter(CompositeFilter.java:113) ~[spring-web-6.1.2.jar:6.1.2]
	at org.springframework.web.filter.CompositeFilter.doFilter(CompositeFilter.java:74) ~[spring-web-6.1.2.jar:6.1.2]
	at org.springframework.security.config.annotation.web.configuration.WebMvcSecurityConfiguration$CompositeFilterChainProxy.doFilter(WebMvcSecurityConfiguration.java:225) ~[spring-security-config-6.2.1.jar:6.2.1]
	at org.springframework.web.filter.DelegatingFilterProxy.invokeDelegate(DelegatingFilterProxy.java:352) ~[spring-web-6.1.2.jar:6.1.2]
	at org.springframework.web.filter.DelegatingFilterProxy.doFilter(DelegatingFilterProxy.java:268) ~[spring-web-6.1.2.jar:6.1.2]
	at org.apache.catalina.core.ApplicationFilterChain.internalDoFilter(ApplicationFilterChain.java:174) ~[tomcat-embed-core-10.1.17.jar:10.1.17]
	at org.apache.catalina.core.ApplicationFilterChain.doFilter(ApplicationFilterChain.java:149) ~[tomcat-embed-core-10.1.17.jar:10.1.17]
	at org.springframework.web.filter.RequestContextFilter.doFilterInternal(RequestContextFilter.java:100) ~[spring-web-6.1.2.jar:6.1.2]
	at org.springframework.web.filter.OncePerRequestFilter.doFilter(OncePerRequestFilter.java:116) ~[spring-web-6.1.2.jar:6.1.2]
	at org.apache.catalina.core.ApplicationFilterChain.internalDoFilter(ApplicationFilterChain.java:174) ~[tomcat-embed-core-10.1.17.jar:10.1.17]
	at org.apache.catalina.core.ApplicationFilterChain.doFilter(ApplicationFilterChain.java:149) ~[tomcat-embed-core-10.1.17.jar:10.1.17]
	at org.springframework.web.filter.FormContentFilter.doFilterInternal(FormContentFilter.java:93) ~[spring-web-6.1.2.jar:6.1.2]
	at org.springframework.web.filter.OncePerRequestFilter.doFilter(OncePerRequestFilter.java:116) ~[spring-web-6.1.2.jar:6.1.2]
	at org.apache.catalina.core.ApplicationFilterChain.internalDoFilter(ApplicationFilterChain.java:174) ~[tomcat-embed-core-10.1.17.jar:10.1.17]
	at org.apache.catalina.core.ApplicationFilterChain.doFilter(ApplicationFilterChain.java:149) ~[tomcat-embed-core-10.1.17.jar:10.1.17]
	at org.springframework.web.filter.CharacterEncodingFilter.doFilterInternal(CharacterEncodingFilter.java:201) ~[spring-web-6.1.2.jar:6.1.2]
	at org.springframework.web.filter.OncePerRequestFilter.doFilter(OncePerRequestFilter.java:116) ~[spring-web-6.1.2.jar:6.1.2]
	at org.apache.catalina.core.ApplicationFilterChain.internalDoFilter(ApplicationFilterChain.java:174) ~[tomcat-embed-core-10.1.17.jar:10.1.17]
	at org.apache.catalina.core.ApplicationFilterChain.doFilter(ApplicationFilterChain.java:149) ~[tomcat-embed-core-10.1.17.jar:10.1.17]
	at org.apache.catalina.core.StandardWrapperValve.invoke(StandardWrapperValve.java:167) ~[tomcat-embed-core-10.1.17.jar:10.1.17]
	at org.apache.catalina.core.StandardContextValve.invoke(StandardContextValve.java:90) ~[tomcat-embed-core-10.1.17.jar:10.1.17]
	at org.apache.catalina.authenticator.AuthenticatorBase.invoke(AuthenticatorBase.java:482) ~[tomcat-embed-core-10.1.17.jar:10.1.17]
	at org.apache.catalina.core.StandardHostValve.invoke(StandardHostValve.java:115) ~[tomcat-embed-core-10.1.17.jar:10.1.17]
	at org.apache.catalina.valves.ErrorReportValve.invoke(ErrorReportValve.java:93) ~[tomcat-embed-core-10.1.17.jar:10.1.17]
	at org.apache.catalina.core.StandardEngineValve.invoke(StandardEngineValve.java:74) ~[tomcat-embed-core-10.1.17.jar:10.1.17]
	at org.apache.catalina.connector.CoyoteAdapter.service(CoyoteAdapter.java:340) ~[tomcat-embed-core-10.1.17.jar:10.1.17]
	at org.apache.coyote.http11.Http11Processor.service(Http11Processor.java:391) ~[tomcat-embed-core-10.1.17.jar:10.1.17]
	at org.apache.coyote.AbstractProcessorLight.process(AbstractProcessorLight.java:63) ~[tomcat-embed-core-10.1.17.jar:10.1.17]
	at org.apache.coyote.AbstractProtocol$ConnectionHandler.process(AbstractProtocol.java:896) ~[tomcat-embed-core-10.1.17.jar:10.1.17]
	at org.apache.tomcat.util.net.NioEndpoint$SocketProcessor.doRun(NioEndpoint.java:1744) ~[tomcat-embed-core-10.1.17.jar:10.1.17]
	at org.apache.tomcat.util.net.SocketProcessorBase.run(SocketProcessorBase.java:52) ~[tomcat-embed-core-10.1.17.jar:10.1.17]
	at org.apache.tomcat.util.threads.ThreadPoolExecutor.runWorker(ThreadPoolExecutor.java:1191) ~[tomcat-embed-core-10.1.17.jar:10.1.17]
	at org.apache.tomcat.util.threads.ThreadPoolExecutor$Worker.run(ThreadPoolExecutor.java:659) ~[tomcat-embed-core-10.1.17.jar:10.1.17]
	at org.apache.tomcat.util.threads.TaskThread$WrappingRunnable.run(TaskThread.java:61) ~[tomcat-embed-core-10.1.17.jar:10.1.17]
	at java.base/java.lang.Thread.run(Thread.java:840) ~[na:na]

2024-01-21T17:05:19.101+01:00  INFO 3256 --- [http-nio-4040-exec-5] o.u.e.i.b.auth.AuthenticationController  : User with username k1 tried to log in!
2024-01-21T17:05:20.012+01:00  INFO 3256 --- [http-nio-4040-exec-5] o.u.e.ip.backend.service.PictureService  : Photos read from program with id 3
2024-01-21T17:05:20.020+01:00  INFO 3256 --- [http-nio-4040-exec-9] o.u.e.ip.backend.service.PictureService  : Photos read from program with id 7
2024-01-21T17:05:20.030+01:00  INFO 3256 --- [http-nio-4040-exec-10] o.u.e.ip.backend.service.PictureService  : Photos read from program with id 8
2024-01-21T17:05:20.038+01:00  INFO 3256 --- [http-nio-4040-exec-2] o.u.e.ip.backend.service.PictureService  : Photos read from program with id 16
2024-01-21T17:05:20.045+01:00  INFO 3256 --- [http-nio-4040-exec-8] o.u.e.ip.backend.service.PictureService  : Photos read from program with id 11
2024-01-21T17:05:20.048+01:00  INFO 3256 --- [http-nio-4040-exec-3] o.u.e.ip.backend.service.PictureService  : Photos read from program with id 1
2024-01-21T17:05:20.061+01:00  INFO 3256 --- [http-nio-4040-exec-4] o.u.e.ip.backend.service.PictureService  : Photos read from program with id 15
2024-01-21T17:05:20.061+01:00  INFO 3256 --- [http-nio-4040-exec-1] o.u.e.ip.backend.service.PictureService  : Photos read from program with id 14
2024-01-21T17:05:20.064+01:00  INFO 3256 --- [http-nio-4040-exec-7] o.u.e.ip.backend.service.PictureService  : Photos read from program with id 18
2024-01-21T17:05:20.078+01:00  INFO 3256 --- [http-nio-4040-exec-6] o.u.e.ip.backend.service.PictureService  : Photos read from program with id 20
2024-01-21T17:05:20.093+01:00  INFO 3256 --- [http-nio-4040-exec-5] o.u.e.ip.backend.service.PictureService  : Photos read from program with id 17
2024-01-21T17:05:20.109+01:00  INFO 3256 --- [http-nio-4040-exec-8] o.u.e.ip.backend.service.PictureService  : Photos read from program with id 9
2024-01-21T17:06:23.821+01:00  INFO 3256 --- [http-nio-4040-exec-5] o.u.e.ip.backend.service.PictureService  : Photos read from program with id 9
2024-01-21T17:06:23.822+01:00  INFO 3256 --- [http-nio-4040-exec-8] o.u.e.i.b.c.FitnessProgramController     : Program info for program with id 9 requested!
2024-01-21T17:06:29.830+01:00  INFO 3256 --- [http-nio-4040-exec-3] o.u.e.ip.backend.service.PictureService  : Photos read from program with id 9
2024-01-21T17:06:29.830+01:00  INFO 3256 --- [http-nio-4040-exec-10] o.u.e.i.b.c.FitnessProgramController     : Program info for program with id 9 requested!
2024-01-21T17:06:37.371+01:00  INFO 3256 --- [http-nio-4040-exec-9] o.u.e.ip.backend.service.PictureService  : Photos read from program with id 3
2024-01-21T17:06:37.377+01:00  INFO 3256 --- [http-nio-4040-exec-7] o.u.e.ip.backend.service.PictureService  : Photos read from program with id 9
2024-01-21T17:06:37.379+01:00  INFO 3256 --- [http-nio-4040-exec-2] o.u.e.ip.backend.service.PictureService  : Photos read from program with id 8
2024-01-21T17:06:37.379+01:00  INFO 3256 --- [http-nio-4040-exec-6] o.u.e.ip.backend.service.PictureService  : Photos read from program with id 7
2024-01-21T17:06:37.380+01:00  INFO 3256 --- [http-nio-4040-exec-4] o.u.e.ip.backend.service.PictureService  : Photos read from program with id 11
2024-01-21T17:06:37.387+01:00  INFO 3256 --- [http-nio-4040-exec-8] o.u.e.ip.backend.service.PictureService  : Photos read from program with id 1
2024-01-21T17:06:37.407+01:00  INFO 3256 --- [http-nio-4040-exec-3] o.u.e.ip.backend.service.PictureService  : Photos read from program with id 14
2024-01-21T17:06:37.417+01:00  INFO 3256 --- [http-nio-4040-exec-1] o.u.e.ip.backend.service.PictureService  : Photos read from program with id 16
2024-01-21T17:06:37.418+01:00  INFO 3256 --- [http-nio-4040-exec-10] o.u.e.ip.backend.service.PictureService  : Photos read from program with id 15
2024-01-21T17:06:37.420+01:00  INFO 3256 --- [http-nio-4040-exec-8] o.u.e.ip.backend.service.PictureService  : Photos read from program with id 17
2024-01-21T17:06:37.435+01:00  INFO 3256 --- [http-nio-4040-exec-9] o.u.e.ip.backend.service.PictureService  : Photos read from program with id 20
2024-01-21T17:06:37.436+01:00  INFO 3256 --- [http-nio-4040-exec-5] o.u.e.ip.backend.service.PictureService  : Photos read from program with id 18
2024-01-21T17:06:41.706+01:00  INFO 3256 --- [http-nio-4040-exec-3] o.u.e.i.b.c.FitnessProgramController     : Program info for program with id 1 requested!
2024-01-21T17:06:41.707+01:00  INFO 3256 --- [http-nio-4040-exec-2] o.u.e.ip.backend.service.PictureService  : Photos read from program with id 1
2024-01-21T17:06:55.189+01:00  INFO 3256 --- [http-nio-4040-exec-8] o.u.e.i.b.c.FitnessProgramController     : Program info for program with id 1 requested!
2024-01-21T17:06:55.192+01:00  INFO 3256 --- [http-nio-4040-exec-9] o.u.e.ip.backend.service.PictureService  : Photos read from program with id 1
2024-01-21T17:07:44.487+01:00  INFO 3256 --- [http-nio-4040-exec-7] o.u.e.i.b.c.FitnessProgramController     : Program info for program with id 1 requested!
2024-01-21T17:07:44.490+01:00  INFO 3256 --- [http-nio-4040-exec-2] o.u.e.ip.backend.service.PictureService  : Photos read from program with id 1
2024-01-21T17:07:55.011+01:00  INFO 3256 --- [http-nio-4040-exec-4] o.u.e.i.b.c.FitnessProgramController     : Program info for program with id 1 requested!
2024-01-21T17:07:55.013+01:00  INFO 3256 --- [http-nio-4040-exec-10] o.u.e.ip.backend.service.PictureService  : Photos read from program with id 1
2024-01-21T17:08:41.692+01:00  INFO 3256 --- [http-nio-4040-exec-9] o.u.e.i.b.c.FitnessProgramController     : Program info for program with id 1 requested!
2024-01-21T17:08:41.695+01:00  INFO 3256 --- [http-nio-4040-exec-1] o.u.e.ip.backend.service.PictureService  : Photos read from program with id 1
2024-01-21T17:08:45.188+01:00  INFO 3256 --- [http-nio-4040-exec-4] o.u.e.i.b.c.FitnessProgramController     : Program info for program with id 1 requested!
2024-01-21T17:08:45.190+01:00  INFO 3256 --- [http-nio-4040-exec-3] o.u.e.ip.backend.service.PictureService  : Photos read from program with id 1
2024-01-21T17:08:53.549+01:00  INFO 3256 --- [http-nio-4040-exec-9] o.u.e.i.b.c.FitnessProgramController     : Program info for program with id 1 requested!
2024-01-21T17:08:53.553+01:00  INFO 3256 --- [http-nio-4040-exec-7] o.u.e.ip.backend.service.PictureService  : Photos read from program with id 1
2024-01-21T17:10:24.084+01:00  INFO 3256 --- [http-nio-4040-exec-7] o.u.e.ip.backend.service.PictureService  : Photos read from program with id 1
2024-01-21T17:10:24.088+01:00  INFO 3256 --- [http-nio-4040-exec-2] o.u.e.ip.backend.service.PictureService  : Photos read from program with id 3
2024-01-21T17:10:24.092+01:00  INFO 3256 --- [http-nio-4040-exec-9] o.u.e.ip.backend.service.PictureService  : Photos read from program with id 7
2024-01-21T17:10:24.096+01:00  INFO 3256 --- [http-nio-4040-exec-1] o.u.e.ip.backend.service.PictureService  : Photos read from program with id 8
2024-01-21T17:10:24.097+01:00  INFO 3256 --- [http-nio-4040-exec-8] o.u.e.ip.backend.service.PictureService  : Photos read from program with id 9
2024-01-21T17:10:24.113+01:00  INFO 3256 --- [http-nio-4040-exec-10] o.u.e.ip.backend.service.PictureService  : Photos read from program with id 14
2024-01-21T17:10:24.107+01:00  INFO 3256 --- [http-nio-4040-exec-6] o.u.e.ip.backend.service.PictureService  : Photos read from program with id 11
2024-01-21T17:10:24.119+01:00  INFO 3256 --- [http-nio-4040-exec-7] o.u.e.ip.backend.service.PictureService  : Photos read from program with id 18
2024-01-21T17:10:24.121+01:00  INFO 3256 --- [http-nio-4040-exec-4] o.u.e.ip.backend.service.PictureService  : Photos read from program with id 16
2024-01-21T17:10:24.121+01:00  INFO 3256 --- [http-nio-4040-exec-5] o.u.e.ip.backend.service.PictureService  : Photos read from program with id 15
2024-01-21T17:10:24.133+01:00  INFO 3256 --- [http-nio-4040-exec-3] o.u.e.ip.backend.service.PictureService  : Photos read from program with id 17
2024-01-21T17:10:24.139+01:00  INFO 3256 --- [http-nio-4040-exec-9] o.u.e.ip.backend.service.PictureService  : Photos read from program with id 20
2024-01-21T17:10:26.781+01:00  INFO 3256 --- [http-nio-4040-exec-4] o.u.e.i.b.c.FitnessProgramController     : User with id 1 requested his programs!
2024-01-21T17:11:05.638+01:00  INFO 3256 --- [http-nio-4040-exec-7] o.u.e.i.b.c.FitnessProgramController     : User with id 1 checked past program participations!
2024-01-21T17:11:08.568+01:00  INFO 3256 --- [http-nio-4040-exec-9] o.u.e.i.b.c.FitnessProgramController     : Program info for program with id 18 requested!
2024-01-21T17:11:08.568+01:00  INFO 3256 --- [http-nio-4040-exec-2] o.u.e.ip.backend.service.PictureService  : Photos read from program with id 18
2024-01-21T17:11:10.668+01:00  INFO 3256 --- [http-nio-4040-exec-5] o.u.e.i.b.c.FitnessProgramController     : User with id 1 checked past program participations!
2024-01-21T17:11:13.277+01:00  INFO 3256 --- [http-nio-4040-exec-6] o.u.e.i.b.c.FitnessProgramController     : User with id 1 checked unparticipated programs!
2024-01-21T17:11:25.894+01:00  INFO 3256 --- [http-nio-4040-exec-9] o.u.e.i.b.c.FitnessProgramController     : User with id 1 wants to subscribe to a program with id 20
2024-01-21T17:11:25.983+01:00  INFO 3256 --- [http-nio-4040-exec-8] o.u.e.i.b.c.FitnessProgramController     : User with id 1 checked upcoming programs!
2024-01-21T17:11:33.118+01:00  INFO 3256 --- [http-nio-4040-exec-10] o.u.e.i.b.c.FitnessProgramController     : User with id 1 requested his programs!
2024-01-21T17:11:34.506+01:00  INFO 3256 --- [http-nio-4040-exec-7] o.u.e.i.b.c.FitnessProgramController     : User with id 1 checked past program participations!
2024-01-21T17:11:36.179+01:00  INFO 3256 --- [http-nio-4040-exec-6] o.u.e.i.b.c.FitnessProgramController     : User with id 1 checked unparticipated programs!
2024-01-21T17:11:38.344+01:00  INFO 3256 --- [http-nio-4040-exec-2] o.u.e.i.b.c.FitnessProgramController     : User with id 1 checked upcoming programs!
2024-01-21T17:11:43.732+01:00  INFO 3256 --- [http-nio-4040-exec-9] o.u.e.i.b.c.FitnessProgramController     : User with id 1 requested his programs!
2024-01-21T17:14:14.764+01:00  INFO 3256 --- [http-nio-4040-exec-6] o.u.e.i.b.c.FitnessProgramController     : User with id 1 tried to create program with name fitness program111
2024-01-21T17:14:14.785+01:00  INFO 3256 --- [http-nio-4040-exec-6] o.u.e.i.b.service.FitnessProgramService  : User with id 1 created program with id 21
2024-01-21T17:14:14.829+01:00  INFO 3256 --- [http-nio-4040-exec-2] o.u.e.i.b.c.FitnessProgramController     : User with id 1 requested his programs!
2024-01-21T17:15:46.708+01:00 ERROR 3256 --- [http-nio-4040-exec-5] o.a.c.c.C.[.[.[/].[dispatcherServlet]    : Servlet.service() for servlet [dispatcherServlet] in context with path [] threw exception [Request processing failed: org.springframework.transaction.TransactionSystemException: Could not commit JPA transaction] with root cause

jakarta.validation.ConstraintViolationException: Validation failed for classes [org.unibl.etf.ip.backend.model.ProgramEntity] during update time for groups [jakarta.validation.groups.Default, ]
List of constraint violations:[
	ConstraintViolationImpl{interpolatedMessage='datum must be in the future!', propertyPath=datum, rootBeanClass=class org.unibl.etf.ip.backend.model.ProgramEntity, messageTemplate='datum must be in the future!'}
]
	at org.hibernate.boot.beanvalidation.BeanValidationEventListener.validate(BeanValidationEventListener.java:151) ~[hibernate-core-6.4.1.Final.jar:6.4.1.Final]
	at org.hibernate.boot.beanvalidation.BeanValidationEventListener.onPreUpdate(BeanValidationEventListener.java:92) ~[hibernate-core-6.4.1.Final.jar:6.4.1.Final]
	at org.hibernate.action.internal.EntityUpdateAction.preUpdate(EntityUpdateAction.java:351) ~[hibernate-core-6.4.1.Final.jar:6.4.1.Final]
	at org.hibernate.action.internal.EntityUpdateAction.execute(EntityUpdateAction.java:161) ~[hibernate-core-6.4.1.Final.jar:6.4.1.Final]
	at org.hibernate.engine.spi.ActionQueue.executeActions(ActionQueue.java:632) ~[hibernate-core-6.4.1.Final.jar:6.4.1.Final]
	at org.hibernate.engine.spi.ActionQueue.executeActions(ActionQueue.java:499) ~[hibernate-core-6.4.1.Final.jar:6.4.1.Final]
	at org.hibernate.event.internal.AbstractFlushingEventListener.performExecutions(AbstractFlushingEventListener.java:363) ~[hibernate-core-6.4.1.Final.jar:6.4.1.Final]
	at org.hibernate.event.internal.DefaultFlushEventListener.onFlush(DefaultFlushEventListener.java:41) ~[hibernate-core-6.4.1.Final.jar:6.4.1.Final]
	at org.hibernate.event.service.internal.EventListenerGroupImpl.fireEventOnEachListener(EventListenerGroupImpl.java:127) ~[hibernate-core-6.4.1.Final.jar:6.4.1.Final]
	at org.hibernate.internal.SessionImpl.doFlush(SessionImpl.java:1423) ~[hibernate-core-6.4.1.Final.jar:6.4.1.Final]
	at org.hibernate.internal.SessionImpl.managedFlush(SessionImpl.java:504) ~[hibernate-core-6.4.1.Final.jar:6.4.1.Final]
	at org.hibernate.internal.SessionImpl.flushBeforeTransactionCompletion(SessionImpl.java:2339) ~[hibernate-core-6.4.1.Final.jar:6.4.1.Final]
	at org.hibernate.internal.SessionImpl.beforeTransactionCompletion(SessionImpl.java:1996) ~[hibernate-core-6.4.1.Final.jar:6.4.1.Final]
	at org.hibernate.engine.jdbc.internal.JdbcCoordinatorImpl.beforeTransactionCompletion(JdbcCoordinatorImpl.java:439) ~[hibernate-core-6.4.1.Final.jar:6.4.1.Final]
	at org.hibernate.resource.transaction.backend.jdbc.internal.JdbcResourceLocalTransactionCoordinatorImpl.beforeCompletionCallback(JdbcResourceLocalTransactionCoordinatorImpl.java:169) ~[hibernate-core-6.4.1.Final.jar:6.4.1.Final]
	at org.hibernate.resource.transaction.backend.jdbc.internal.JdbcResourceLocalTransactionCoordinatorImpl$TransactionDriverControlImpl.commit(JdbcResourceLocalTransactionCoordinatorImpl.java:267) ~[hibernate-core-6.4.1.Final.jar:6.4.1.Final]
	at org.hibernate.engine.transaction.internal.TransactionImpl.commit(TransactionImpl.java:101) ~[hibernate-core-6.4.1.Final.jar:6.4.1.Final]
	at org.springframework.orm.jpa.JpaTransactionManager.doCommit(JpaTransactionManager.java:561) ~[spring-orm-6.1.2.jar:6.1.2]
	at org.springframework.transaction.support.AbstractPlatformTransactionManager.processCommit(AbstractPlatformTransactionManager.java:794) ~[spring-tx-6.1.2.jar:6.1.2]
	at org.springframework.transaction.support.AbstractPlatformTransactionManager.commit(AbstractPlatformTransactionManager.java:757) ~[spring-tx-6.1.2.jar:6.1.2]
	at org.springframework.transaction.interceptor.TransactionAspectSupport.commitTransactionAfterReturning(TransactionAspectSupport.java:669) ~[spring-tx-6.1.2.jar:6.1.2]
	at org.springframework.transaction.interceptor.TransactionAspectSupport.invokeWithinTransaction(TransactionAspectSupport.java:419) ~[spring-tx-6.1.2.jar:6.1.2]
	at org.springframework.transaction.interceptor.TransactionInterceptor.invoke(TransactionInterceptor.java:119) ~[spring-tx-6.1.2.jar:6.1.2]
	at org.springframework.aop.framework.ReflectiveMethodInvocation.proceed(ReflectiveMethodInvocation.java:184) ~[spring-aop-6.1.2.jar:6.1.2]
	at org.springframework.dao.support.PersistenceExceptionTranslationInterceptor.invoke(PersistenceExceptionTranslationInterceptor.java:137) ~[spring-tx-6.1.2.jar:6.1.2]
	at org.springframework.aop.framework.ReflectiveMethodInvocation.proceed(ReflectiveMethodInvocation.java:184) ~[spring-aop-6.1.2.jar:6.1.2]
	at org.springframework.data.jpa.repository.support.CrudMethodMetadataPostProcessor$CrudMethodMetadataPopulatingMethodInterceptor.invoke(CrudMethodMetadataPostProcessor.java:164) ~[spring-data-jpa-3.2.1.jar:3.2.1]
	at org.springframework.aop.framework.ReflectiveMethodInvocation.proceed(ReflectiveMethodInvocation.java:184) ~[spring-aop-6.1.2.jar:6.1.2]
	at org.springframework.aop.interceptor.ExposeInvocationInterceptor.invoke(ExposeInvocationInterceptor.java:97) ~[spring-aop-6.1.2.jar:6.1.2]
	at org.springframework.aop.framework.ReflectiveMethodInvocation.proceed(ReflectiveMethodInvocation.java:184) ~[spring-aop-6.1.2.jar:6.1.2]
	at org.springframework.aop.framework.JdkDynamicAopProxy.invoke(JdkDynamicAopProxy.java:249) ~[spring-aop-6.1.2.jar:6.1.2]
	at jdk.proxy2/jdk.proxy2.$Proxy151.save(Unknown Source) ~[na:na]
	at org.unibl.etf.ip.backend.service.FitnessProgramService.deleteProgram(FitnessProgramService.java:98) ~[classes/:na]
	at org.unibl.etf.ip.backend.controller.FitnessProgramController.deleteProgram(FitnessProgramController.java:80) ~[classes/:na]
	at java.base/jdk.internal.reflect.NativeMethodAccessorImpl.invoke0(Native Method) ~[na:na]
	at java.base/jdk.internal.reflect.NativeMethodAccessorImpl.invoke(NativeMethodAccessorImpl.java:77) ~[na:na]
	at java.base/jdk.internal.reflect.DelegatingMethodAccessorImpl.invoke(DelegatingMethodAccessorImpl.java:43) ~[na:na]
	at java.base/java.lang.reflect.Method.invoke(Method.java:568) ~[na:na]
	at org.springframework.web.method.support.InvocableHandlerMethod.doInvoke(InvocableHandlerMethod.java:262) ~[spring-web-6.1.2.jar:6.1.2]
	at org.springframework.web.method.support.InvocableHandlerMethod.invokeForRequest(InvocableHandlerMethod.java:190) ~[spring-web-6.1.2.jar:6.1.2]
	at org.springframework.web.servlet.mvc.method.annotation.ServletInvocableHandlerMethod.invokeAndHandle(ServletInvocableHandlerMethod.java:118) ~[spring-webmvc-6.1.2.jar:6.1.2]
	at org.springframework.web.servlet.mvc.method.annotation.RequestMappingHandlerAdapter.invokeHandlerMethod(RequestMappingHandlerAdapter.java:917) ~[spring-webmvc-6.1.2.jar:6.1.2]
	at org.springframework.web.servlet.mvc.method.annotation.RequestMappingHandlerAdapter.handleInternal(RequestMappingHandlerAdapter.java:829) ~[spring-webmvc-6.1.2.jar:6.1.2]
	at org.springframework.web.servlet.mvc.method.AbstractHandlerMethodAdapter.handle(AbstractHandlerMethodAdapter.java:87) ~[spring-webmvc-6.1.2.jar:6.1.2]
	at org.springframework.web.servlet.DispatcherServlet.doDispatch(DispatcherServlet.java:1089) ~[spring-webmvc-6.1.2.jar:6.1.2]
	at org.springframework.web.servlet.DispatcherServlet.doService(DispatcherServlet.java:979) ~[spring-webmvc-6.1.2.jar:6.1.2]
	at org.springframework.web.servlet.FrameworkServlet.processRequest(FrameworkServlet.java:1014) ~[spring-webmvc-6.1.2.jar:6.1.2]
	at org.springframework.web.servlet.FrameworkServlet.doDelete(FrameworkServlet.java:936) ~[spring-webmvc-6.1.2.jar:6.1.2]
	at jakarta.servlet.http.HttpServlet.service(HttpServlet.java:596) ~[tomcat-embed-core-10.1.17.jar:6.0]
	at org.springframework.web.servlet.FrameworkServlet.service(FrameworkServlet.java:885) ~[spring-webmvc-6.1.2.jar:6.1.2]
	at jakarta.servlet.http.HttpServlet.service(HttpServlet.java:658) ~[tomcat-embed-core-10.1.17.jar:6.0]
	at org.apache.catalina.core.ApplicationFilterChain.internalDoFilter(ApplicationFilterChain.java:205) ~[tomcat-embed-core-10.1.17.jar:10.1.17]
	at org.apache.catalina.core.ApplicationFilterChain.doFilter(ApplicationFilterChain.java:149) ~[tomcat-embed-core-10.1.17.jar:10.1.17]
	at org.apache.tomcat.websocket.server.WsFilter.doFilter(WsFilter.java:51) ~[tomcat-embed-websocket-10.1.17.jar:10.1.17]
	at org.apache.catalina.core.ApplicationFilterChain.internalDoFilter(ApplicationFilterChain.java:174) ~[tomcat-embed-core-10.1.17.jar:10.1.17]
	at org.apache.catalina.core.ApplicationFilterChain.doFilter(ApplicationFilterChain.java:149) ~[tomcat-embed-core-10.1.17.jar:10.1.17]
	at org.springframework.web.filter.OncePerRequestFilter.doFilter(OncePerRequestFilter.java:110) ~[spring-web-6.1.2.jar:6.1.2]
	at org.apache.catalina.core.ApplicationFilterChain.internalDoFilter(ApplicationFilterChain.java:174) ~[tomcat-embed-core-10.1.17.jar:10.1.17]
	at org.apache.catalina.core.ApplicationFilterChain.doFilter(ApplicationFilterChain.java:149) ~[tomcat-embed-core-10.1.17.jar:10.1.17]
	at org.springframework.web.filter.CompositeFilter$VirtualFilterChain.doFilter(CompositeFilter.java:108) ~[spring-web-6.1.2.jar:6.1.2]
	at org.springframework.security.web.FilterChainProxy.lambda$doFilterInternal$3(FilterChainProxy.java:231) ~[spring-security-web-6.2.1.jar:6.2.1]
	at org.springframework.security.web.FilterChainProxy$VirtualFilterChain.doFilter(FilterChainProxy.java:365) ~[spring-security-web-6.2.1.jar:6.2.1]
	at org.springframework.security.web.access.intercept.AuthorizationFilter.doFilter(AuthorizationFilter.java:100) ~[spring-security-web-6.2.1.jar:6.2.1]
	at org.springframework.security.web.FilterChainProxy$VirtualFilterChain.doFilter(FilterChainProxy.java:374) ~[spring-security-web-6.2.1.jar:6.2.1]
	at org.springframework.security.web.access.ExceptionTranslationFilter.doFilter(ExceptionTranslationFilter.java:126) ~[spring-security-web-6.2.1.jar:6.2.1]
	at org.springframework.security.web.access.ExceptionTranslationFilter.doFilter(ExceptionTranslationFilter.java:120) ~[spring-security-web-6.2.1.jar:6.2.1]
	at org.springframework.security.web.FilterChainProxy$VirtualFilterChain.doFilter(FilterChainProxy.java:374) ~[spring-security-web-6.2.1.jar:6.2.1]
	at org.springframework.security.web.session.SessionManagementFilter.doFilter(SessionManagementFilter.java:131) ~[spring-security-web-6.2.1.jar:6.2.1]
	at org.springframework.security.web.session.SessionManagementFilter.doFilter(SessionManagementFilter.java:85) ~[spring-security-web-6.2.1.jar:6.2.1]
	at org.springframework.security.web.FilterChainProxy$VirtualFilterChain.doFilter(FilterChainProxy.java:374) ~[spring-security-web-6.2.1.jar:6.2.1]
	at org.springframework.security.web.authentication.AnonymousAuthenticationFilter.doFilter(AnonymousAuthenticationFilter.java:100) ~[spring-security-web-6.2.1.jar:6.2.1]
	at org.springframework.security.web.FilterChainProxy$VirtualFilterChain.doFilter(FilterChainProxy.java:374) ~[spring-security-web-6.2.1.jar:6.2.1]
	at org.springframework.security.web.servletapi.SecurityContextHolderAwareRequestFilter.doFilter(SecurityContextHolderAwareRequestFilter.java:179) ~[spring-security-web-6.2.1.jar:6.2.1]
	at org.springframework.security.web.FilterChainProxy$VirtualFilterChain.doFilter(FilterChainProxy.java:374) ~[spring-security-web-6.2.1.jar:6.2.1]
	at org.springframework.security.web.savedrequest.RequestCacheAwareFilter.doFilter(RequestCacheAwareFilter.java:63) ~[spring-security-web-6.2.1.jar:6.2.1]
	at org.springframework.security.web.FilterChainProxy$VirtualFilterChain.doFilter(FilterChainProxy.java:374) ~[spring-security-web-6.2.1.jar:6.2.1]
	at org.unibl.etf.ip.backend.jtwconfig.JwtAuthenticationFilter.doFilterInternal(JwtAuthenticationFilter.java:60) ~[classes/:na]
	at org.springframework.web.filter.OncePerRequestFilter.doFilter(OncePerRequestFilter.java:116) ~[spring-web-6.1.2.jar:6.1.2]
	at org.springframework.security.web.FilterChainProxy$VirtualFilterChain.doFilter(FilterChainProxy.java:374) ~[spring-security-web-6.2.1.jar:6.2.1]
	at org.springframework.security.web.authentication.logout.LogoutFilter.doFilter(LogoutFilter.java:107) ~[spring-security-web-6.2.1.jar:6.2.1]
	at org.springframework.security.web.authentication.logout.LogoutFilter.doFilter(LogoutFilter.java:93) ~[spring-security-web-6.2.1.jar:6.2.1]
	at org.springframework.security.web.FilterChainProxy$VirtualFilterChain.doFilter(FilterChainProxy.java:374) ~[spring-security-web-6.2.1.jar:6.2.1]
	at org.springframework.web.filter.CorsFilter.doFilterInternal(CorsFilter.java:91) ~[spring-web-6.1.2.jar:6.1.2]
	at org.springframework.web.filter.OncePerRequestFilter.doFilter(OncePerRequestFilter.java:116) ~[spring-web-6.1.2.jar:6.1.2]
	at org.springframework.security.web.FilterChainProxy$VirtualFilterChain.doFilter(FilterChainProxy.java:374) ~[spring-security-web-6.2.1.jar:6.2.1]
	at org.springframework.security.web.header.HeaderWriterFilter.doHeadersAfter(HeaderWriterFilter.java:90) ~[spring-security-web-6.2.1.jar:6.2.1]
	at org.springframework.security.web.header.HeaderWriterFilter.doFilterInternal(HeaderWriterFilter.java:75) ~[spring-security-web-6.2.1.jar:6.2.1]
	at org.springframework.web.filter.OncePerRequestFilter.doFilter(OncePerRequestFilter.java:116) ~[spring-web-6.1.2.jar:6.1.2]
	at org.springframework.security.web.FilterChainProxy$VirtualFilterChain.doFilter(FilterChainProxy.java:374) ~[spring-security-web-6.2.1.jar:6.2.1]
	at org.springframework.security.web.context.SecurityContextHolderFilter.doFilter(SecurityContextHolderFilter.java:82) ~[spring-security-web-6.2.1.jar:6.2.1]
	at org.springframework.security.web.context.SecurityContextHolderFilter.doFilter(SecurityContextHolderFilter.java:69) ~[spring-security-web-6.2.1.jar:6.2.1]
	at org.springframework.security.web.FilterChainProxy$VirtualFilterChain.doFilter(FilterChainProxy.java:374) ~[spring-security-web-6.2.1.jar:6.2.1]
	at org.springframework.security.web.context.request.async.WebAsyncManagerIntegrationFilter.doFilterInternal(WebAsyncManagerIntegrationFilter.java:62) ~[spring-security-web-6.2.1.jar:6.2.1]
	at org.springframework.web.filter.OncePerRequestFilter.doFilter(OncePerRequestFilter.java:116) ~[spring-web-6.1.2.jar:6.1.2]
	at org.springframework.security.web.FilterChainProxy$VirtualFilterChain.doFilter(FilterChainProxy.java:374) ~[spring-security-web-6.2.1.jar:6.2.1]
	at org.springframework.security.web.session.DisableEncodeUrlFilter.doFilterInternal(DisableEncodeUrlFilter.java:42) ~[spring-security-web-6.2.1.jar:6.2.1]
	at org.springframework.web.filter.OncePerRequestFilter.doFilter(OncePerRequestFilter.java:116) ~[spring-web-6.1.2.jar:6.1.2]
	at org.springframework.security.web.FilterChainProxy$VirtualFilterChain.doFilter(FilterChainProxy.java:374) ~[spring-security-web-6.2.1.jar:6.2.1]
	at org.springframework.security.web.FilterChainProxy.doFilterInternal(FilterChainProxy.java:233) ~[spring-security-web-6.2.1.jar:6.2.1]
	at org.springframework.security.web.FilterChainProxy.doFilter(FilterChainProxy.java:191) ~[spring-security-web-6.2.1.jar:6.2.1]
	at org.springframework.web.filter.CompositeFilter$VirtualFilterChain.doFilter(CompositeFilter.java:113) ~[spring-web-6.1.2.jar:6.1.2]
	at org.springframework.web.servlet.handler.HandlerMappingIntrospector.lambda$createCacheFilter$3(HandlerMappingIntrospector.java:195) ~[spring-webmvc-6.1.2.jar:6.1.2]
	at org.springframework.web.filter.CompositeFilter$VirtualFilterChain.doFilter(CompositeFilter.java:113) ~[spring-web-6.1.2.jar:6.1.2]
	at org.springframework.web.filter.CompositeFilter.doFilter(CompositeFilter.java:74) ~[spring-web-6.1.2.jar:6.1.2]
	at org.springframework.security.config.annotation.web.configuration.WebMvcSecurityConfiguration$CompositeFilterChainProxy.doFilter(WebMvcSecurityConfiguration.java:225) ~[spring-security-config-6.2.1.jar:6.2.1]
	at org.springframework.web.filter.DelegatingFilterProxy.invokeDelegate(DelegatingFilterProxy.java:352) ~[spring-web-6.1.2.jar:6.1.2]
	at org.springframework.web.filter.DelegatingFilterProxy.doFilter(DelegatingFilterProxy.java:268) ~[spring-web-6.1.2.jar:6.1.2]
	at org.apache.catalina.core.ApplicationFilterChain.internalDoFilter(ApplicationFilterChain.java:174) ~[tomcat-embed-core-10.1.17.jar:10.1.17]
	at org.apache.catalina.core.ApplicationFilterChain.doFilter(ApplicationFilterChain.java:149) ~[tomcat-embed-core-10.1.17.jar:10.1.17]
	at org.springframework.web.filter.RequestContextFilter.doFilterInternal(RequestContextFilter.java:100) ~[spring-web-6.1.2.jar:6.1.2]
	at org.springframework.web.filter.OncePerRequestFilter.doFilter(OncePerRequestFilter.java:116) ~[spring-web-6.1.2.jar:6.1.2]
	at org.apache.catalina.core.ApplicationFilterChain.internalDoFilter(ApplicationFilterChain.java:174) ~[tomcat-embed-core-10.1.17.jar:10.1.17]
	at org.apache.catalina.core.ApplicationFilterChain.doFilter(ApplicationFilterChain.java:149) ~[tomcat-embed-core-10.1.17.jar:10.1.17]
	at org.springframework.web.filter.FormContentFilter.doFilterInternal(FormContentFilter.java:93) ~[spring-web-6.1.2.jar:6.1.2]
	at org.springframework.web.filter.OncePerRequestFilter.doFilter(OncePerRequestFilter.java:116) ~[spring-web-6.1.2.jar:6.1.2]
	at org.apache.catalina.core.ApplicationFilterChain.internalDoFilter(ApplicationFilterChain.java:174) ~[tomcat-embed-core-10.1.17.jar:10.1.17]
	at org.apache.catalina.core.ApplicationFilterChain.doFilter(ApplicationFilterChain.java:149) ~[tomcat-embed-core-10.1.17.jar:10.1.17]
	at org.springframework.web.filter.CharacterEncodingFilter.doFilterInternal(CharacterEncodingFilter.java:201) ~[spring-web-6.1.2.jar:6.1.2]
	at org.springframework.web.filter.OncePerRequestFilter.doFilter(OncePerRequestFilter.java:116) ~[spring-web-6.1.2.jar:6.1.2]
	at org.apache.catalina.core.ApplicationFilterChain.internalDoFilter(ApplicationFilterChain.java:174) ~[tomcat-embed-core-10.1.17.jar:10.1.17]
	at org.apache.catalina.core.ApplicationFilterChain.doFilter(ApplicationFilterChain.java:149) ~[tomcat-embed-core-10.1.17.jar:10.1.17]
	at org.apache.catalina.core.StandardWrapperValve.invoke(StandardWrapperValve.java:167) ~[tomcat-embed-core-10.1.17.jar:10.1.17]
	at org.apache.catalina.core.StandardContextValve.invoke(StandardContextValve.java:90) ~[tomcat-embed-core-10.1.17.jar:10.1.17]
	at org.apache.catalina.authenticator.AuthenticatorBase.invoke(AuthenticatorBase.java:482) ~[tomcat-embed-core-10.1.17.jar:10.1.17]
	at org.apache.catalina.core.StandardHostValve.invoke(StandardHostValve.java:115) ~[tomcat-embed-core-10.1.17.jar:10.1.17]
	at org.apache.catalina.valves.ErrorReportValve.invoke(ErrorReportValve.java:93) ~[tomcat-embed-core-10.1.17.jar:10.1.17]
	at org.apache.catalina.core.StandardEngineValve.invoke(StandardEngineValve.java:74) ~[tomcat-embed-core-10.1.17.jar:10.1.17]
	at org.apache.catalina.connector.CoyoteAdapter.service(CoyoteAdapter.java:340) ~[tomcat-embed-core-10.1.17.jar:10.1.17]
	at org.apache.coyote.http11.Http11Processor.service(Http11Processor.java:391) ~[tomcat-embed-core-10.1.17.jar:10.1.17]
	at org.apache.coyote.AbstractProcessorLight.process(AbstractProcessorLight.java:63) ~[tomcat-embed-core-10.1.17.jar:10.1.17]
	at org.apache.coyote.AbstractProtocol$ConnectionHandler.process(AbstractProtocol.java:896) ~[tomcat-embed-core-10.1.17.jar:10.1.17]
	at org.apache.tomcat.util.net.NioEndpoint$SocketProcessor.doRun(NioEndpoint.java:1744) ~[tomcat-embed-core-10.1.17.jar:10.1.17]
	at org.apache.tomcat.util.net.SocketProcessorBase.run(SocketProcessorBase.java:52) ~[tomcat-embed-core-10.1.17.jar:10.1.17]
	at org.apache.tomcat.util.threads.ThreadPoolExecutor.runWorker(ThreadPoolExecutor.java:1191) ~[tomcat-embed-core-10.1.17.jar:10.1.17]
	at org.apache.tomcat.util.threads.ThreadPoolExecutor$Worker.run(ThreadPoolExecutor.java:659) ~[tomcat-embed-core-10.1.17.jar:10.1.17]
	at org.apache.tomcat.util.threads.TaskThread$WrappingRunnable.run(TaskThread.java:61) ~[tomcat-embed-core-10.1.17.jar:10.1.17]
	at java.base/java.lang.Thread.run(Thread.java:840) ~[na:na]

2024-01-21T17:17:10.046+01:00  INFO 3256 --- [SpringApplicationShutdownHook] j.LocalContainerEntityManagerFactoryBean : Closing JPA EntityManagerFactory for persistence unit 'default'
2024-01-21T17:17:10.069+01:00  INFO 3256 --- [SpringApplicationShutdownHook] com.zaxxer.hikari.HikariDataSource       : HikariPool-1 - Shutdown initiated...
2024-01-21T17:17:10.099+01:00  INFO 3256 --- [SpringApplicationShutdownHook] com.zaxxer.hikari.HikariDataSource       : HikariPool-1 - Shutdown completed.
2024-01-21T17:17:25.266+01:00  INFO 4200 --- [main] o.u.etf.ip.backend.BackendApplication    : Starting BackendApplication using Java 17.0.9 with PID 4200 (C:\Users\User\Desktop\IP-Project\BackendSpring\backend\target\classes started by Тепица in C:\Users\User\Desktop\IP-Project\BackendSpring\backend)
2024-01-21T17:17:25.271+01:00  INFO 4200 --- [main] o.u.etf.ip.backend.BackendApplication    : No active profile set, falling back to 1 default profile: "default"
2024-01-21T17:17:27.333+01:00  INFO 4200 --- [main] .s.d.r.c.RepositoryConfigurationDelegate : Bootstrapping Spring Data JPA repositories in DEFAULT mode.
2024-01-21T17:17:27.452+01:00  INFO 4200 --- [main] .s.d.r.c.RepositoryConfigurationDelegate : Finished Spring Data repository scanning in 107 ms. Found 12 JPA repository interfaces.
2024-01-21T17:17:28.140+01:00  INFO 4200 --- [main] o.s.b.w.embedded.tomcat.TomcatWebServer  : Tomcat initialized with port 4040 (http)
2024-01-21T17:17:28.153+01:00  INFO 4200 --- [main] o.apache.catalina.core.StandardService   : Starting service [Tomcat]
2024-01-21T17:17:28.154+01:00  INFO 4200 --- [main] o.apache.catalina.core.StandardEngine    : Starting Servlet engine: [Apache Tomcat/10.1.17]
2024-01-21T17:17:28.242+01:00  INFO 4200 --- [main] o.a.c.c.C.[Tomcat].[localhost].[/]       : Initializing Spring embedded WebApplicationContext
2024-01-21T17:17:28.242+01:00  INFO 4200 --- [main] w.s.c.ServletWebServerApplicationContext : Root WebApplicationContext: initialization completed in 2908 ms
2024-01-21T17:17:28.406+01:00  INFO 4200 --- [main] o.hibernate.jpa.internal.util.LogHelper  : HHH000204: Processing PersistenceUnitInfo [name: default]
2024-01-21T17:17:28.485+01:00  INFO 4200 --- [main] org.hibernate.Version                    : HHH000412: Hibernate ORM core version 6.4.1.Final
2024-01-21T17:17:28.544+01:00  INFO 4200 --- [main] o.h.c.internal.RegionFactoryInitiator    : HHH000026: Second-level cache disabled
2024-01-21T17:17:28.807+01:00  INFO 4200 --- [main] o.s.o.j.p.SpringPersistenceUnitInfo      : No LoadTimeWeaver setup: ignoring JPA class transformer
2024-01-21T17:17:28.834+01:00  INFO 4200 --- [main] com.zaxxer.hikari.HikariDataSource       : HikariPool-1 - Starting...
2024-01-21T17:17:29.269+01:00  INFO 4200 --- [main] com.zaxxer.hikari.pool.HikariPool        : HikariPool-1 - Added connection com.mysql.cj.jdbc.ConnectionImpl@18989e0
2024-01-21T17:17:29.271+01:00  INFO 4200 --- [main] com.zaxxer.hikari.HikariDataSource       : HikariPool-1 - Start completed.
2024-01-21T17:17:29.337+01:00  WARN 4200 --- [main] org.hibernate.orm.deprecation            : HHH90000025: MySQL8Dialect does not need to be specified explicitly using 'hibernate.dialect' (remove the property setting and it will be selected by default)
2024-01-21T17:17:29.339+01:00  WARN 4200 --- [main] org.hibernate.orm.deprecation            : HHH90000026: MySQL8Dialect has been deprecated; use org.hibernate.dialect.MySQLDialect instead
2024-01-21T17:17:29.941+01:00  WARN 4200 --- [main] org.hibernate.mapping.RootClass          : HHH000038: Composite-id class does not override equals(): org.unibl.etf.ip.backend.model.KorisnikPretplacenProgramEntityPK
2024-01-21T17:17:29.942+01:00  WARN 4200 --- [main] org.hibernate.mapping.RootClass          : HHH000039: Composite-id class does not override hashCode(): org.unibl.etf.ip.backend.model.KorisnikPretplacenProgramEntityPK
2024-01-21T17:17:29.942+01:00  WARN 4200 --- [main] org.hibernate.mapping.RootClass          : HHH000038: Composite-id class does not override equals(): org.unibl.etf.ip.backend.model.KorisnikPretplacenKategorijaEntityPK
2024-01-21T17:17:29.943+01:00  WARN 4200 --- [main] org.hibernate.mapping.RootClass          : HHH000039: Composite-id class does not override hashCode(): org.unibl.etf.ip.backend.model.KorisnikPretplacenKategorijaEntityPK
2024-01-21T17:17:30.928+01:00  INFO 4200 --- [main] o.h.e.t.j.p.i.JtaPlatformInitiator       : HHH000489: No JTA platform available (set 'hibernate.transaction.jta.platform' to enable JTA platform integration)
2024-01-21T17:17:31.242+01:00  INFO 4200 --- [main] j.LocalContainerEntityManagerFactoryBean : Initialized JPA EntityManagerFactory for persistence unit 'default'
2024-01-21T17:17:32.239+01:00  WARN 4200 --- [main] JpaBaseConfiguration$JpaWebConfiguration : spring.jpa.open-in-view is enabled by default. Therefore, database queries may be performed during view rendering. Explicitly configure spring.jpa.open-in-view to disable this warning
2024-01-21T17:17:32.645+01:00  INFO 4200 --- [main] o.s.s.web.DefaultSecurityFilterChain     : Will secure any request with [org.springframework.security.web.session.DisableEncodeUrlFilter@549b26d7, org.springframework.security.web.context.request.async.WebAsyncManagerIntegrationFilter@2c9430c6, org.springframework.security.web.context.SecurityContextHolderFilter@7104b117, org.springframework.security.web.header.HeaderWriterFilter@fdeec12, org.springframework.web.filter.CorsFilter@66978c15, org.springframework.security.web.authentication.logout.LogoutFilter@6ae55678, org.unibl.etf.ip.backend.jtwconfig.JwtAuthenticationFilter@1ebb36df, org.springframework.security.web.savedrequest.RequestCacheAwareFilter@cd9ce76, org.springframework.security.web.servletapi.SecurityContextHolderAwareRequestFilter@421c057a, org.springframework.security.web.authentication.AnonymousAuthenticationFilter@6c96dc5c, org.springframework.security.web.session.SessionManagementFilter@740530b, org.springframework.security.web.access.ExceptionTranslationFilter@12115c28, org.springframework.security.web.access.intercept.AuthorizationFilter@6d3c80bf]
2024-01-21T17:17:32.958+01:00  WARN 4200 --- [main] o.s.b.a.f.FreeMarkerAutoConfiguration    : Cannot find template location(s): [classpath:/templates/] (please add some templates, check your FreeMarker configuration, or set spring.freemarker.check-template-location=false)
2024-01-21T17:17:33.064+01:00  INFO 4200 --- [main] o.s.b.w.embedded.tomcat.TomcatWebServer  : Tomcat started on port 4040 (http) with context path ''
2024-01-21T17:17:33.081+01:00  INFO 4200 --- [main] o.u.etf.ip.backend.BackendApplication    : Started BackendApplication in 8.475 seconds (process running for 10.23)
2024-01-21T17:17:38.044+01:00  INFO 4200 --- [http-nio-4040-exec-1] o.a.c.c.C.[Tomcat].[localhost].[/]       : Initializing Spring DispatcherServlet 'dispatcherServlet'
2024-01-21T17:17:38.044+01:00  INFO 4200 --- [http-nio-4040-exec-1] o.s.web.servlet.DispatcherServlet        : Initializing Servlet 'dispatcherServlet'
2024-01-21T17:17:38.046+01:00  INFO 4200 --- [http-nio-4040-exec-1] o.s.web.servlet.DispatcherServlet        : Completed initialization in 1 ms
2024-01-21T17:17:38.439+01:00  INFO 4200 --- [http-nio-4040-exec-1] o.u.e.i.b.c.FitnessProgramController     : User with id 1 deleted program with id 8
2024-01-21T17:17:42.807+01:00  INFO 4200 --- [http-nio-4040-exec-4] o.u.e.i.b.c.FitnessProgramController     : User with id 1 requested his programs!
2024-01-21T17:17:46.555+01:00  INFO 4200 --- [http-nio-4040-exec-8] o.u.e.i.b.c.FitnessProgramController     : User with id 1 deleted program with id 9
2024-01-21T17:17:48.673+01:00  INFO 4200 --- [http-nio-4040-exec-1] o.u.e.i.b.c.FitnessProgramController     : User with id 1 requested his programs!
2024-01-21T17:18:11.199+01:00  INFO 4200 --- [http-nio-4040-exec-4] o.u.e.i.b.c.FitnessProgramController     : User with id 1 requested his programs!
2024-01-21T17:18:15.985+01:00  INFO 4200 --- [http-nio-4040-exec-6] o.u.e.i.b.c.FitnessProgramController     : User with id 1 deleted program with id 7
2024-01-21T17:18:16.254+01:00  INFO 4200 --- [http-nio-4040-exec-8] o.u.e.i.b.c.FitnessProgramController     : User with id 1 requested his programs!
2024-01-21T17:18:53.911+01:00  INFO 4200 --- [http-nio-4040-exec-1] o.u.e.i.b.s.ConsultantMessageService     : User with id 1 messaged consultants!
2024-01-21T17:19:08.642+01:00  INFO 4200 --- [http-nio-4040-exec-4] o.u.e.i.b.c.MessageUserController        : User with id 1 checked his unread messages!
2024-01-21T17:19:16.662+01:00  INFO 4200 --- [http-nio-4040-exec-9] o.u.e.i.b.c.MessageUserController        : User with id 1 messaged user with id 45
2024-01-21T17:19:21.757+01:00  INFO 4200 --- [http-nio-4040-exec-2] o.u.e.i.b.c.MessageUserController        : User with id 1 checked all of his messages!
2024-01-21T17:21:23.640+01:00  INFO 4200 --- [http-nio-4040-exec-2] o.u.e.ip.backend.service.JournalService  : User with id 1 created new journal entry
2024-01-21T17:22:05.905+01:00  INFO 4200 --- [http-nio-4040-exec-7] o.u.e.i.b.s.CategorySubscribeService     : User with id 1 checked his subscribed categories
2024-01-21T17:22:07.479+01:00  INFO 4200 --- [http-nio-4040-exec-10] o.u.e.i.b.s.CategorySubscribeService     : User with id 1 checked his unsubscribed categories
2024-01-21T17:22:10.540+01:00  INFO 4200 --- [http-nio-4040-exec-3] o.u.e.i.b.s.CategorySubscribeService     : Subscription to category 1 by user 1
2024-01-21T17:22:10.615+01:00  INFO 4200 --- [http-nio-4040-exec-4] o.u.e.i.b.s.CategorySubscribeService     : User with id 1 checked his subscribed categories
2024-01-21T17:22:12.035+01:00  INFO 4200 --- [http-nio-4040-exec-6] o.u.e.i.b.s.CategorySubscribeService     : Unsubscription from category 1 by user 1
2024-01-21T17:22:12.097+01:00  INFO 4200 --- [http-nio-4040-exec-8] o.u.e.i.b.s.CategorySubscribeService     : User with id 1 checked his unsubscribed categories
2024-01-21T17:22:12.730+01:00  INFO 4200 --- [http-nio-4040-exec-9] o.u.e.i.b.s.CategorySubscribeService     : Subscription to category 1 by user 1
2024-01-21T17:22:12.780+01:00  INFO 4200 --- [http-nio-4040-exec-10] o.u.e.i.b.s.CategorySubscribeService     : User with id 1 checked his subscribed categories
2024-01-21T17:22:18.572+01:00  INFO 4200 --- [http-nio-4040-exec-2] o.u.e.i.b.auth.AuthenticationController  : User with username k1 tried to log in!
2024-01-21T17:22:18.904+01:00  INFO 4200 --- [http-nio-4040-exec-5] o.u.e.ip.backend.service.PictureService  : Photos read from program with id 3
2024-01-21T17:22:18.907+01:00  INFO 4200 --- [http-nio-4040-exec-7] o.u.e.ip.backend.service.PictureService  : Photos read from program with id 14
2024-01-21T17:22:18.914+01:00  INFO 4200 --- [http-nio-4040-exec-8] o.u.e.ip.backend.service.PictureService  : Photos read from program with id 15
2024-01-21T17:22:18.919+01:00  INFO 4200 --- [http-nio-4040-exec-6] o.u.e.ip.backend.service.PictureService  : Photos read from program with id 11
2024-01-21T17:22:18.920+01:00  INFO 4200 --- [http-nio-4040-exec-4] o.u.e.ip.backend.service.PictureService  : Photos read from program with id 1
2024-01-21T17:22:18.921+01:00  INFO 4200 --- [http-nio-4040-exec-9] o.u.e.ip.backend.service.PictureService  : Photos read from program with id 16
2024-01-21T17:22:18.935+01:00  INFO 4200 --- [http-nio-4040-exec-10] o.u.e.ip.backend.service.PictureService  : Photos read from program with id 17
2024-01-21T17:22:18.939+01:00  INFO 4200 --- [http-nio-4040-exec-2] o.u.e.ip.backend.service.PictureService  : Photos read from program with id 18
2024-01-21T17:22:18.942+01:00  INFO 4200 --- [http-nio-4040-exec-3] o.u.e.ip.backend.service.PictureService  : Photos read from program with id 20
2024-01-21T17:22:18.944+01:00  INFO 4200 --- [http-nio-4040-exec-7] o.u.e.ip.backend.service.PictureService  : Photos read from program with id 21
2024-01-21T17:22:20.086+01:00  INFO 4200 --- [http-nio-4040-exec-1] o.u.e.i.b.s.CategorySubscribeService     : User with id 1 checked his subscribed categories
2024-01-21T17:23:32.200+01:00  INFO 4200 --- [http-nio-4040-exec-10] o.u.e.i.b.auth.AuthenticationController  : User with username korisnik123 tried to log in!
2024-01-21T17:24:45.247+01:00  INFO 4200 --- [http-nio-4040-exec-3] o.u.e.i.b.auth.AuthenticationController  : User with username korisnik123 tried to log in!
2024-01-21T17:25:50.989+01:00  INFO 4200 --- [http-nio-4040-exec-6] o.u.e.i.b.auth.AuthenticationController  : User with username korisnik123 tried to log in!
2024-01-21T17:26:25.413+01:00  INFO 4200 --- [http-nio-4040-exec-8] o.u.e.i.b.auth.AuthenticationController  : User with username korisnik123 tried to log in!
2024-01-21T17:27:37.982+01:00  INFO 4200 --- [http-nio-4040-exec-5] o.u.e.i.b.auth.AuthenticationController  : User with username korisnik12345 tried to log in!
2024-01-21T17:27:47.365+01:00  INFO 4200 --- [http-nio-4040-exec-9] o.u.e.i.b.auth.AuthenticationController  : User with username korisnik12345 tried to log in!
2024-01-21T17:29:17.240+01:00  INFO 4200 --- [http-nio-4040-exec-3] o.u.e.i.b.auth.AuthenticationController  : User with username korisnik123 tried to log in!
2024-01-21T17:29:17.593+01:00  INFO 4200 --- [http-nio-4040-exec-9] o.u.e.ip.backend.service.PictureService  : Photos read from program with id 16
2024-01-21T17:29:17.595+01:00  INFO 4200 --- [http-nio-4040-exec-6] o.u.e.ip.backend.service.PictureService  : Photos read from program with id 3
2024-01-21T17:29:17.598+01:00  INFO 4200 --- [http-nio-4040-exec-4] o.u.e.ip.backend.service.PictureService  : Photos read from program with id 1
2024-01-21T17:29:17.604+01:00  INFO 4200 --- [http-nio-4040-exec-1] o.u.e.ip.backend.service.PictureService  : Photos read from program with id 11
2024-01-21T17:29:17.608+01:00  INFO 4200 --- [http-nio-4040-exec-5] o.u.e.ip.backend.service.PictureService  : Photos read from program with id 14
2024-01-21T17:29:17.614+01:00  INFO 4200 --- [http-nio-4040-exec-8] o.u.e.ip.backend.service.PictureService  : Photos read from program with id 15
2024-01-21T17:29:17.621+01:00  INFO 4200 --- [http-nio-4040-exec-10] o.u.e.ip.backend.service.PictureService  : Photos read from program with id 17
2024-01-21T17:29:17.628+01:00  INFO 4200 --- [http-nio-4040-exec-2] o.u.e.ip.backend.service.PictureService  : Photos read from program with id 18
2024-01-21T17:29:17.633+01:00  INFO 4200 --- [http-nio-4040-exec-3] o.u.e.ip.backend.service.PictureService  : Photos read from program with id 20
2024-01-21T17:29:17.641+01:00  INFO 4200 --- [http-nio-4040-exec-7] o.u.e.ip.backend.service.PictureService  : Photos read from program with id 21
2024-01-21T17:29:26.605+01:00  INFO 4200 --- [http-nio-4040-exec-4] o.u.e.i.b.auth.AuthenticationController  : User with username korisnik123 tried to log in!
2024-01-21T17:29:28.554+01:00  INFO 4200 --- [http-nio-4040-exec-9] o.u.e.i.b.auth.AuthenticationController  : User with username korisnik123 tried to log in!
2024-01-21T17:29:28.745+01:00  INFO 4200 --- [http-nio-4040-exec-8] o.u.e.ip.backend.service.PictureService  : Photos read from program with id 1
2024-01-21T17:29:28.747+01:00  INFO 4200 --- [http-nio-4040-exec-7] o.u.e.ip.backend.service.PictureService  : Photos read from program with id 3
2024-01-21T17:29:28.753+01:00  INFO 4200 --- [http-nio-4040-exec-10] o.u.e.ip.backend.service.PictureService  : Photos read from program with id 14
2024-01-21T17:29:28.761+01:00  INFO 4200 --- [http-nio-4040-exec-5] o.u.e.ip.backend.service.PictureService  : Photos read from program with id 16
2024-01-21T17:29:28.761+01:00  INFO 4200 --- [http-nio-4040-exec-1] o.u.e.ip.backend.service.PictureService  : Photos read from program with id 15
2024-01-21T17:29:28.770+01:00  INFO 4200 --- [http-nio-4040-exec-3] o.u.e.ip.backend.service.PictureService  : Photos read from program with id 11
2024-01-21T17:29:28.777+01:00  INFO 4200 --- [http-nio-4040-exec-7] o.u.e.ip.backend.service.PictureService  : Photos read from program with id 17
2024-01-21T17:29:28.790+01:00  INFO 4200 --- [http-nio-4040-exec-4] o.u.e.ip.backend.service.PictureService  : Photos read from program with id 18
2024-01-21T17:29:28.793+01:00  INFO 4200 --- [http-nio-4040-exec-5] o.u.e.ip.backend.service.PictureService  : Photos read from program with id 21
2024-01-21T17:29:28.797+01:00  INFO 4200 --- [http-nio-4040-exec-9] o.u.e.ip.backend.service.PictureService  : Photos read from program with id 20
2024-01-21T17:31:52.826+01:00  INFO 4200 --- [http-nio-4040-exec-7] o.u.e.i.b.service.FitnessUserService     : New attempt to create account for user with username novicatest and email acivon@outlook.com
2024-01-21T17:32:47.040+01:00  INFO 4200 --- [http-nio-4040-exec-3] o.u.e.i.b.auth.AuthenticationController  : User with username novicatest tried to log in!
2024-01-21T17:32:47.264+01:00  INFO 4200 --- [http-nio-4040-exec-7] o.u.e.ip.backend.service.PictureService  : Photos read from program with id 1
2024-01-21T17:32:47.266+01:00  INFO 4200 --- [http-nio-4040-exec-5] o.u.e.ip.backend.service.PictureService  : Photos read from program with id 3
2024-01-21T17:32:47.278+01:00  INFO 4200 --- [http-nio-4040-exec-4] o.u.e.ip.backend.service.PictureService  : Photos read from program with id 16
2024-01-21T17:32:47.283+01:00  INFO 4200 --- [http-nio-4040-exec-8] o.u.e.ip.backend.service.PictureService  : Photos read from program with id 15
2024-01-21T17:32:47.287+01:00  INFO 4200 --- [http-nio-4040-exec-9] o.u.e.ip.backend.service.PictureService  : Photos read from program with id 11
2024-01-21T17:32:47.289+01:00  INFO 4200 --- [http-nio-4040-exec-6] o.u.e.ip.backend.service.PictureService  : Photos read from program with id 14
2024-01-21T17:32:47.306+01:00  INFO 4200 --- [http-nio-4040-exec-1] o.u.e.ip.backend.service.PictureService  : Photos read from program with id 18
2024-01-21T17:32:47.306+01:00  INFO 4200 --- [http-nio-4040-exec-3] o.u.e.ip.backend.service.PictureService  : Photos read from program with id 20
2024-01-21T17:32:47.313+01:00  INFO 4200 --- [http-nio-4040-exec-2] o.u.e.ip.backend.service.PictureService  : Photos read from program with id 21
2024-01-21T17:32:47.314+01:00  INFO 4200 --- [http-nio-4040-exec-10] o.u.e.ip.backend.service.PictureService  : Photos read from program with id 17
2024-01-21T17:33:18.960+01:00  INFO 4200 --- [http-nio-4040-exec-7] o.u.e.i.b.auth.AuthenticationController  : User with username novicatest tried to log in!
2024-01-21T17:33:33.498+01:00  INFO 4200 --- [http-nio-4040-exec-5] o.u.e.ip.backend.service.PictureService  : Photos read from program with id 1
2024-01-21T17:33:33.506+01:00  INFO 4200 --- [http-nio-4040-exec-2] o.u.e.ip.backend.service.PictureService  : Photos read from program with id 3
2024-01-21T17:33:33.506+01:00  INFO 4200 --- [http-nio-4040-exec-1] o.u.e.ip.backend.service.PictureService  : Photos read from program with id 11
2024-01-21T17:33:33.516+01:00  INFO 4200 --- [http-nio-4040-exec-4] o.u.e.ip.backend.service.PictureService  : Photos read from program with id 16
2024-01-21T17:33:33.528+01:00  INFO 4200 --- [http-nio-4040-exec-9] o.u.e.ip.backend.service.PictureService  : Photos read from program with id 14
2024-01-21T17:33:33.537+01:00  INFO 4200 --- [http-nio-4040-exec-8] o.u.e.ip.backend.service.PictureService  : Photos read from program with id 17
2024-01-21T17:33:33.540+01:00  INFO 4200 --- [http-nio-4040-exec-7] o.u.e.ip.backend.service.PictureService  : Photos read from program with id 15
2024-01-21T17:33:33.558+01:00  INFO 4200 --- [http-nio-4040-exec-10] o.u.e.ip.backend.service.PictureService  : Photos read from program with id 20
2024-01-21T17:33:33.560+01:00  INFO 4200 --- [http-nio-4040-exec-6] o.u.e.ip.backend.service.PictureService  : Photos read from program with id 21
2024-01-21T17:33:33.567+01:00  INFO 4200 --- [http-nio-4040-exec-3] o.u.e.ip.backend.service.PictureService  : Photos read from program with id 18
2024-01-21T17:36:44.903+01:00  INFO 4200 --- [http-nio-4040-exec-2] o.u.e.i.b.auth.AuthenticationController  : User with username novicatest tried to log in!
2024-01-21T17:37:21.689+01:00  INFO 4200 --- [http-nio-4040-exec-4] o.u.e.ip.backend.service.PictureService  : Photos read from program with id 1
2024-01-21T17:37:21.695+01:00  INFO 4200 --- [http-nio-4040-exec-5] o.u.e.ip.backend.service.PictureService  : Photos read from program with id 3
2024-01-21T17:37:21.701+01:00  INFO 4200 --- [http-nio-4040-exec-1] o.u.e.ip.backend.service.PictureService  : Photos read from program with id 11
2024-01-21T17:37:21.707+01:00  INFO 4200 --- [http-nio-4040-exec-2] o.u.e.ip.backend.service.PictureService  : Photos read from program with id 15
2024-01-21T17:37:21.708+01:00  INFO 4200 --- [http-nio-4040-exec-4] o.u.e.ip.backend.service.PictureService  : Photos read from program with id 16
2024-01-21T17:37:21.709+01:00  INFO 4200 --- [http-nio-4040-exec-7] o.u.e.ip.backend.service.PictureService  : Photos read from program with id 14
2024-01-21T17:37:21.724+01:00  INFO 4200 --- [http-nio-4040-exec-9] o.u.e.ip.backend.service.PictureService  : Photos read from program with id 17
2024-01-21T17:37:21.736+01:00  INFO 4200 --- [http-nio-4040-exec-10] o.u.e.ip.backend.service.PictureService  : Photos read from program with id 18
2024-01-21T17:37:21.736+01:00  INFO 4200 --- [http-nio-4040-exec-6] o.u.e.ip.backend.service.PictureService  : Photos read from program with id 20
2024-01-21T17:37:21.756+01:00  INFO 4200 --- [http-nio-4040-exec-5] o.u.e.ip.backend.service.PictureService  : Photos read from program with id 21
2024-01-21T17:37:23.005+01:00  INFO 4200 --- [http-nio-4040-exec-10] o.u.e.ip.backend.service.PictureService  : Photos read from program with id 3
2024-01-21T17:37:23.005+01:00  INFO 4200 --- [http-nio-4040-exec-6] o.u.e.ip.backend.service.PictureService  : Photos read from program with id 1
2024-01-21T17:37:23.006+01:00  INFO 4200 --- [http-nio-4040-exec-3] o.u.e.ip.backend.service.PictureService  : Photos read from program with id 11
2024-01-21T17:37:23.011+01:00  INFO 4200 --- [http-nio-4040-exec-8] o.u.e.ip.backend.service.PictureService  : Photos read from program with id 14
2024-01-21T17:37:23.019+01:00  INFO 4200 --- [http-nio-4040-exec-7] o.u.e.ip.backend.service.PictureService  : Photos read from program with id 15
2024-01-21T17:37:23.019+01:00  INFO 4200 --- [http-nio-4040-exec-1] o.u.e.ip.backend.service.PictureService  : Photos read from program with id 16
2024-01-21T17:37:23.035+01:00  INFO 4200 --- [http-nio-4040-exec-6] o.u.e.ip.backend.service.PictureService  : Photos read from program with id 18
2024-01-21T17:37:23.039+01:00  INFO 4200 --- [http-nio-4040-exec-5] o.u.e.ip.backend.service.PictureService  : Photos read from program with id 20
2024-01-21T17:37:23.039+01:00  INFO 4200 --- [http-nio-4040-exec-4] o.u.e.ip.backend.service.PictureService  : Photos read from program with id 17
2024-01-21T17:37:23.039+01:00  INFO 4200 --- [http-nio-4040-exec-3] o.u.e.ip.backend.service.PictureService  : Photos read from program with id 21
2024-01-21T17:37:24.492+01:00  INFO 4200 --- [http-nio-4040-exec-4] o.u.e.ip.backend.service.PictureService  : Photos read from program with id 1
2024-01-21T17:37:24.494+01:00  INFO 4200 --- [http-nio-4040-exec-8] o.u.e.ip.backend.service.PictureService  : Photos read from program with id 3
2024-01-21T17:37:24.499+01:00  INFO 4200 --- [http-nio-4040-exec-2] o.u.e.ip.backend.service.PictureService  : Photos read from program with id 11
2024-01-21T17:37:24.512+01:00  INFO 4200 --- [http-nio-4040-exec-6] o.u.e.ip.backend.service.PictureService  : Photos read from program with id 15
2024-01-21T17:37:24.511+01:00  INFO 4200 --- [http-nio-4040-exec-7] o.u.e.ip.backend.service.PictureService  : Photos read from program with id 14
2024-01-21T17:37:24.523+01:00  INFO 4200 --- [http-nio-4040-exec-9] o.u.e.ip.backend.service.PictureService  : Photos read from program with id 16
2024-01-21T17:37:24.529+01:00  INFO 4200 --- [http-nio-4040-exec-5] o.u.e.ip.backend.service.PictureService  : Photos read from program with id 18
2024-01-21T17:37:24.529+01:00  INFO 4200 --- [http-nio-4040-exec-10] o.u.e.ip.backend.service.PictureService  : Photos read from program with id 17
2024-01-21T17:37:24.544+01:00  INFO 4200 --- [http-nio-4040-exec-3] o.u.e.ip.backend.service.PictureService  : Photos read from program with id 20
2024-01-21T17:37:24.554+01:00  INFO 4200 --- [http-nio-4040-exec-2] o.u.e.ip.backend.service.PictureService  : Photos read from program with id 21
2024-01-21T17:38:16.060+01:00  INFO 4200 --- [http-nio-4040-exec-8] o.u.e.ip.backend.service.PictureService  : Photos read from program with id 1
2024-01-21T17:38:16.064+01:00  INFO 4200 --- [http-nio-4040-exec-6] o.u.e.i.b.c.FitnessProgramController     : Program info for program with id 1 requested!
2024-01-21T17:38:18.310+01:00  INFO 4200 --- [http-nio-4040-exec-2] o.u.e.ip.backend.service.PictureService  : Photos read from program with id 3
2024-01-21T17:38:18.319+01:00  INFO 4200 --- [http-nio-4040-exec-1] o.u.e.ip.backend.service.PictureService  : Photos read from program with id 1
2024-01-21T17:38:18.320+01:00  INFO 4200 --- [http-nio-4040-exec-4] o.u.e.ip.backend.service.PictureService  : Photos read from program with id 11
2024-01-21T17:38:18.324+01:00  INFO 4200 --- [http-nio-4040-exec-6] o.u.e.ip.backend.service.PictureService  : Photos read from program with id 15
2024-01-21T17:38:18.328+01:00  INFO 4200 --- [http-nio-4040-exec-7] o.u.e.ip.backend.service.PictureService  : Photos read from program with id 16
2024-01-21T17:38:18.329+01:00  INFO 4200 --- [http-nio-4040-exec-8] o.u.e.ip.backend.service.PictureService  : Photos read from program with id 14
2024-01-21T17:38:18.340+01:00  INFO 4200 --- [http-nio-4040-exec-10] o.u.e.ip.backend.service.PictureService  : Photos read from program with id 17
2024-01-21T17:38:18.343+01:00  INFO 4200 --- [http-nio-4040-exec-5] o.u.e.ip.backend.service.PictureService  : Photos read from program with id 18
2024-01-21T17:38:18.347+01:00  INFO 4200 --- [http-nio-4040-exec-9] o.u.e.ip.backend.service.PictureService  : Photos read from program with id 20
2024-01-21T17:38:18.347+01:00  INFO 4200 --- [http-nio-4040-exec-3] o.u.e.ip.backend.service.PictureService  : Photos read from program with id 21
2024-01-21T17:38:32.643+01:00  INFO 4200 --- [http-nio-4040-exec-10] o.u.e.ip.backend.service.PictureService  : Photos read from program with id 1
2024-01-21T17:38:32.649+01:00  INFO 4200 --- [http-nio-4040-exec-4] o.u.e.ip.backend.service.PictureService  : Photos read from program with id 3
2024-01-21T17:38:32.650+01:00  INFO 4200 --- [http-nio-4040-exec-6] o.u.e.ip.backend.service.PictureService  : Photos read from program with id 11
2024-01-21T17:38:32.654+01:00  INFO 4200 --- [http-nio-4040-exec-5] o.u.e.ip.backend.service.PictureService  : Photos read from program with id 16
2024-01-21T17:38:32.654+01:00  INFO 4200 --- [http-nio-4040-exec-2] o.u.e.ip.backend.service.PictureService  : Photos read from program with id 14
2024-01-21T17:38:32.654+01:00  INFO 4200 --- [http-nio-4040-exec-7] o.u.e.ip.backend.service.PictureService  : Photos read from program with id 15
2024-01-21T17:38:32.667+01:00  INFO 4200 --- [http-nio-4040-exec-1] o.u.e.ip.backend.service.PictureService  : Photos read from program with id 17
2024-01-21T17:38:32.672+01:00  INFO 4200 --- [http-nio-4040-exec-3] o.u.e.ip.backend.service.PictureService  : Photos read from program with id 18
2024-01-21T17:38:32.672+01:00  INFO 4200 --- [http-nio-4040-exec-9] o.u.e.ip.backend.service.PictureService  : Photos read from program with id 20
2024-01-21T17:38:32.675+01:00  INFO 4200 --- [http-nio-4040-exec-8] o.u.e.ip.backend.service.PictureService  : Photos read from program with id 21
2024-01-21T17:39:07.465+01:00  INFO 4200 --- [http-nio-4040-exec-6] o.u.e.ip.backend.service.PictureService  : Photos read from program with id 1
2024-01-21T17:39:07.466+01:00  INFO 4200 --- [http-nio-4040-exec-2] o.u.e.ip.backend.service.PictureService  : Photos read from program with id 3
2024-01-21T17:39:07.468+01:00  INFO 4200 --- [http-nio-4040-exec-7] o.u.e.ip.backend.service.PictureService  : Photos read from program with id 11
2024-01-21T17:39:07.472+01:00  INFO 4200 --- [http-nio-4040-exec-4] o.u.e.ip.backend.service.PictureService  : Photos read from program with id 15
2024-01-21T17:39:07.473+01:00  INFO 4200 --- [http-nio-4040-exec-1] o.u.e.ip.backend.service.PictureService  : Photos read from program with id 14
2024-01-21T17:39:07.474+01:00  INFO 4200 --- [http-nio-4040-exec-5] o.u.e.ip.backend.service.PictureService  : Photos read from program with id 16
2024-01-21T17:39:07.483+01:00  INFO 4200 --- [http-nio-4040-exec-3] o.u.e.ip.backend.service.PictureService  : Photos read from program with id 17
2024-01-21T17:39:07.485+01:00  INFO 4200 --- [http-nio-4040-exec-9] o.u.e.ip.backend.service.PictureService  : Photos read from program with id 18
2024-01-21T17:39:07.487+01:00  INFO 4200 --- [http-nio-4040-exec-8] o.u.e.ip.backend.service.PictureService  : Photos read from program with id 20
2024-01-21T17:39:07.491+01:00  INFO 4200 --- [http-nio-4040-exec-10] o.u.e.ip.backend.service.PictureService  : Photos read from program with id 21
2024-01-21T17:39:22.628+01:00  INFO 4200 --- [http-nio-4040-exec-6] o.u.e.i.b.auth.AuthenticationController  : User with username novicatest tried to log in!
2024-01-21T17:46:50.732+01:00  INFO 4200 --- [http-nio-4040-exec-2] o.u.e.ip.backend.service.PictureService  : Photos read from program with id 3
2024-01-21T17:46:50.732+01:00  INFO 4200 --- [http-nio-4040-exec-6] o.u.e.ip.backend.service.PictureService  : Photos read from program with id 1
2024-01-21T17:46:50.733+01:00  INFO 4200 --- [http-nio-4040-exec-7] o.u.e.ip.backend.service.PictureService  : Photos read from program with id 11
2024-01-21T17:46:50.735+01:00  INFO 4200 --- [http-nio-4040-exec-5] o.u.e.ip.backend.service.PictureService  : Photos read from program with id 14
2024-01-21T17:46:50.742+01:00  INFO 4200 --- [http-nio-4040-exec-4] o.u.e.ip.backend.service.PictureService  : Photos read from program with id 15
2024-01-21T17:46:50.742+01:00  INFO 4200 --- [http-nio-4040-exec-3] o.u.e.ip.backend.service.PictureService  : Photos read from program with id 16
2024-01-21T17:46:50.761+01:00  INFO 4200 --- [http-nio-4040-exec-5] o.u.e.ip.backend.service.PictureService  : Photos read from program with id 20
2024-01-21T17:46:50.767+01:00  INFO 4200 --- [http-nio-4040-exec-1] o.u.e.ip.backend.service.PictureService  : Photos read from program with id 18
2024-01-21T17:46:50.767+01:00  INFO 4200 --- [http-nio-4040-exec-8] o.u.e.ip.backend.service.PictureService  : Photos read from program with id 21
2024-01-21T17:46:50.767+01:00  INFO 4200 --- [http-nio-4040-exec-9] o.u.e.ip.backend.service.PictureService  : Photos read from program with id 17
2024-01-21T17:47:47.598+01:00  INFO 4200 --- [http-nio-4040-exec-10] o.u.e.ip.backend.service.PictureService  : Photos read from program with id 1
2024-01-21T17:47:47.605+01:00  INFO 4200 --- [http-nio-4040-exec-3] o.u.e.ip.backend.service.PictureService  : Photos read from program with id 14
2024-01-21T17:47:47.606+01:00  INFO 4200 --- [http-nio-4040-exec-4] o.u.e.ip.backend.service.PictureService  : Photos read from program with id 3
2024-01-21T17:47:47.608+01:00  INFO 4200 --- [http-nio-4040-exec-5] o.u.e.ip.backend.service.PictureService  : Photos read from program with id 11
2024-01-21T17:47:47.614+01:00  INFO 4200 --- [http-nio-4040-exec-7] o.u.e.ip.backend.service.PictureService  : Photos read from program with id 15
2024-01-21T17:47:47.614+01:00  INFO 4200 --- [http-nio-4040-exec-9] o.u.e.ip.backend.service.PictureService  : Photos read from program with id 16
2024-01-21T17:47:47.619+01:00  INFO 4200 --- [http-nio-4040-exec-1] o.u.e.ip.backend.service.PictureService  : Photos read from program with id 17
2024-01-21T17:47:47.626+01:00  INFO 4200 --- [http-nio-4040-exec-6] o.u.e.ip.backend.service.PictureService  : Photos read from program with id 20
2024-01-21T17:47:47.626+01:00  INFO 4200 --- [http-nio-4040-exec-8] o.u.e.ip.backend.service.PictureService  : Photos read from program with id 18
2024-01-21T17:47:47.626+01:00  INFO 4200 --- [http-nio-4040-exec-2] o.u.e.ip.backend.service.PictureService  : Photos read from program with id 21
2024-01-21T17:47:56.566+01:00  INFO 4200 --- [http-nio-4040-exec-3] o.u.e.ip.backend.service.PictureService  : Photos read from program with id 1
2024-01-21T17:47:56.567+01:00  INFO 4200 --- [http-nio-4040-exec-5] o.u.e.ip.backend.service.PictureService  : Photos read from program with id 3
2024-01-21T17:47:56.570+01:00  INFO 4200 --- [http-nio-4040-exec-6] o.u.e.ip.backend.service.PictureService  : Photos read from program with id 11
2024-01-21T17:47:56.573+01:00  INFO 4200 --- [http-nio-4040-exec-9] o.u.e.ip.backend.service.PictureService  : Photos read from program with id 15
2024-01-21T17:47:56.573+01:00  INFO 4200 --- [http-nio-4040-exec-1] o.u.e.ip.backend.service.PictureService  : Photos read from program with id 16
2024-01-21T17:47:56.573+01:00  INFO 4200 --- [http-nio-4040-exec-7] o.u.e.ip.backend.service.PictureService  : Photos read from program with id 14
2024-01-21T17:47:56.584+01:00  INFO 4200 --- [http-nio-4040-exec-8] o.u.e.ip.backend.service.PictureService  : Photos read from program with id 17
2024-01-21T17:47:56.588+01:00  INFO 4200 --- [http-nio-4040-exec-5] o.u.e.ip.backend.service.PictureService  : Photos read from program with id 18
2024-01-21T17:47:56.588+01:00  INFO 4200 --- [http-nio-4040-exec-4] o.u.e.ip.backend.service.PictureService  : Photos read from program with id 20
2024-01-21T17:47:56.591+01:00  INFO 4200 --- [http-nio-4040-exec-2] o.u.e.ip.backend.service.PictureService  : Photos read from program with id 21
2024-01-21T17:48:05.089+01:00  INFO 4200 --- [http-nio-4040-exec-5] o.u.e.ip.backend.service.PictureService  : Photos read from program with id 1
2024-01-21T17:48:05.091+01:00  INFO 4200 --- [http-nio-4040-exec-2] o.u.e.ip.backend.service.PictureService  : Photos read from program with id 3
2024-01-21T17:48:05.091+01:00  INFO 4200 --- [http-nio-4040-exec-3] o.u.e.ip.backend.service.PictureService  : Photos read from program with id 14
2024-01-21T17:48:05.092+01:00  INFO 4200 --- [http-nio-4040-exec-10] o.u.e.ip.backend.service.PictureService  : Photos read from program with id 11
2024-01-21T17:48:05.099+01:00  INFO 4200 --- [http-nio-4040-exec-1] o.u.e.ip.backend.service.PictureService  : Photos read from program with id 15
2024-01-21T17:48:05.102+01:00  INFO 4200 --- [http-nio-4040-exec-9] o.u.e.ip.backend.service.PictureService  : Photos read from program with id 16
2024-01-21T17:48:05.109+01:00  INFO 4200 --- [http-nio-4040-exec-7] o.u.e.ip.backend.service.PictureService  : Photos read from program with id 17
2024-01-21T17:48:05.114+01:00  INFO 4200 --- [http-nio-4040-exec-4] o.u.e.ip.backend.service.PictureService  : Photos read from program with id 21
2024-01-21T17:48:05.115+01:00  INFO 4200 --- [http-nio-4040-exec-8] o.u.e.ip.backend.service.PictureService  : Photos read from program with id 20
2024-01-21T17:48:05.118+01:00  INFO 4200 --- [http-nio-4040-exec-6] o.u.e.ip.backend.service.PictureService  : Photos read from program with id 18
2024-01-21T17:48:31.908+01:00  INFO 4200 --- [http-nio-4040-exec-5] o.u.e.i.b.auth.AuthenticationController  : User with username k1 tried to log in!
2024-01-21T17:48:32.100+01:00  INFO 4200 --- [http-nio-4040-exec-10] o.u.e.ip.backend.service.PictureService  : Photos read from program with id 1
2024-01-21T17:48:32.106+01:00  INFO 4200 --- [http-nio-4040-exec-9] o.u.e.ip.backend.service.PictureService  : Photos read from program with id 3
2024-01-21T17:48:32.106+01:00  INFO 4200 --- [http-nio-4040-exec-8] o.u.e.ip.backend.service.PictureService  : Photos read from program with id 16
2024-01-21T17:48:32.108+01:00  INFO 4200 --- [http-nio-4040-exec-1] o.u.e.ip.backend.service.PictureService  : Photos read from program with id 15
2024-01-21T17:48:32.108+01:00  INFO 4200 --- [http-nio-4040-exec-2] o.u.e.ip.backend.service.PictureService  : Photos read from program with id 11
2024-01-21T17:48:32.111+01:00  INFO 4200 --- [http-nio-4040-exec-4] o.u.e.ip.backend.service.PictureService  : Photos read from program with id 14
2024-01-21T17:48:32.126+01:00  INFO 4200 --- [http-nio-4040-exec-7] o.u.e.ip.backend.service.PictureService  : Photos read from program with id 17
2024-01-21T17:48:32.129+01:00  INFO 4200 --- [http-nio-4040-exec-1] o.u.e.ip.backend.service.PictureService  : Photos read from program with id 18
2024-01-21T17:48:32.142+01:00  INFO 4200 --- [http-nio-4040-exec-2] o.u.e.ip.backend.service.PictureService  : Photos read from program with id 20
2024-01-21T17:48:32.149+01:00  INFO 4200 --- [http-nio-4040-exec-3] o.u.e.ip.backend.service.PictureService  : Photos read from program with id 21
2024-01-21T17:48:39.521+01:00  INFO 4200 --- [http-nio-4040-exec-3] o.u.e.i.b.c.FitnessProgramController     : User with id 1 requested his programs!
2024-01-21T17:50:12.465+01:00  INFO 4200 --- [http-nio-4040-exec-6] o.u.e.i.b.c.FitnessProgramController     : User with id 1 requested his programs!
2024-01-21T17:50:44.452+01:00  INFO 4200 --- [http-nio-4040-exec-5] o.u.e.i.b.c.FitnessProgramController     : User with id 1 requested his programs!
2024-01-21T17:50:54.761+01:00  INFO 4200 --- [http-nio-4040-exec-3] o.u.e.i.b.c.FitnessProgramController     : User with id 1 requested his programs!
2024-01-21T17:51:00.524+01:00  INFO 4200 --- [http-nio-4040-exec-4] o.u.e.i.b.c.FitnessProgramController     : User with id 1 requested his programs!
2024-01-21T17:51:08.912+01:00  INFO 4200 --- [http-nio-4040-exec-10] o.u.e.i.b.c.FitnessProgramController     : User with id 1 requested his programs!
2024-01-21T17:51:14.174+01:00  INFO 4200 --- [http-nio-4040-exec-8] o.u.e.i.b.c.FitnessProgramController     : User with id 1 requested his programs!
2024-01-21T17:51:25.563+01:00  INFO 4200 --- [http-nio-4040-exec-9] o.u.e.i.b.c.FitnessProgramController     : User with id 1 requested his programs!
2024-01-21T17:51:36.128+01:00  INFO 4200 --- [http-nio-4040-exec-6] o.u.e.i.b.c.FitnessProgramController     : User with id 1 requested his programs!
2024-01-21T17:52:21.462+01:00  INFO 4200 --- [http-nio-4040-exec-5] o.u.e.i.b.c.FitnessProgramController     : User with id 1 requested his programs!
2024-01-21T17:52:33.572+01:00  INFO 4200 --- [http-nio-4040-exec-3] o.u.e.i.b.c.FitnessProgramController     : User with id 1 requested his programs!
2024-01-21T17:52:44.417+01:00  INFO 4200 --- [http-nio-4040-exec-4] o.u.e.i.b.c.FitnessProgramController     : User with id 1 requested his programs!
2024-01-21T17:54:26.362+01:00  INFO 4200 --- [http-nio-4040-exec-10] o.u.e.i.b.c.FitnessProgramController     : User with id 1 requested his programs!
2024-01-21T17:54:42.631+01:00  INFO 4200 --- [http-nio-4040-exec-8] o.u.e.ip.backend.service.PictureService  : Photos read from program with id 1
2024-01-21T17:54:42.633+01:00  INFO 4200 --- [http-nio-4040-exec-2] o.u.e.ip.backend.service.PictureService  : Photos read from program with id 3
2024-01-21T17:54:42.643+01:00  INFO 4200 --- [http-nio-4040-exec-9] o.u.e.ip.backend.service.PictureService  : Photos read from program with id 14
2024-01-21T17:54:42.644+01:00  INFO 4200 --- [http-nio-4040-exec-7] o.u.e.ip.backend.service.PictureService  : Photos read from program with id 15
2024-01-21T17:54:42.644+01:00  INFO 4200 --- [http-nio-4040-exec-3] o.u.e.ip.backend.service.PictureService  : Photos read from program with id 11
2024-01-21T17:54:42.649+01:00  INFO 4200 --- [http-nio-4040-exec-4] o.u.e.ip.backend.service.PictureService  : Photos read from program with id 16
2024-01-21T17:54:42.661+01:00  INFO 4200 --- [http-nio-4040-exec-6] o.u.e.ip.backend.service.PictureService  : Photos read from program with id 17
2024-01-21T17:54:42.664+01:00  INFO 4200 --- [http-nio-4040-exec-1] o.u.e.ip.backend.service.PictureService  : Photos read from program with id 18
2024-01-21T17:54:42.668+01:00  INFO 4200 --- [http-nio-4040-exec-10] o.u.e.ip.backend.service.PictureService  : Photos read from program with id 20
2024-01-21T17:54:42.668+01:00  INFO 4200 --- [http-nio-4040-exec-5] o.u.e.ip.backend.service.PictureService  : Photos read from program with id 21
2024-01-21T17:54:58.609+01:00  INFO 4200 --- [http-nio-4040-exec-7] o.u.e.i.b.c.FitnessProgramController     : User with id 1 requested his programs!
2024-01-21T17:55:27.589+01:00  INFO 4200 --- [http-nio-4040-exec-4] o.u.e.i.b.c.FitnessProgramController     : User with id 1 requested his programs!
2024-01-21T17:55:36.472+01:00  INFO 4200 --- [http-nio-4040-exec-1] o.u.e.i.b.c.FitnessProgramController     : User with id 1 requested his programs!
2024-01-21T17:57:49.375+01:00  INFO 4200 --- [http-nio-4040-exec-10] o.u.e.i.b.c.FitnessProgramController     : User with id 1 requested his programs!
2024-01-21T17:59:40.997+01:00  INFO 4200 --- [http-nio-4040-exec-8] o.u.e.i.b.c.FitnessProgramController     : User with id 1 requested his programs!
2024-01-21T17:59:48.793+01:00  INFO 4200 --- [http-nio-4040-exec-3] o.u.e.i.b.c.FitnessProgramController     : User with id 1 requested his programs!
2024-01-21T17:59:56.612+01:00  INFO 4200 --- [http-nio-4040-exec-6] o.u.e.i.b.c.FitnessProgramController     : User with id 1 requested his programs!
2024-01-21T18:00:40.880+01:00  INFO 4200 --- [http-nio-4040-exec-10] o.u.e.i.b.c.FitnessProgramController     : User with id 1 requested his programs!
2024-01-21T18:00:50.515+01:00  INFO 4200 --- [http-nio-4040-exec-9] o.u.e.i.b.c.FitnessProgramController     : User with id 1 requested his programs!
2024-01-21T18:01:07.170+01:00  INFO 4200 --- [http-nio-4040-exec-8] o.u.e.i.b.c.FitnessProgramController     : User with id 1 requested his programs!
2024-01-21T18:01:17.608+01:00  INFO 4200 --- [http-nio-4040-exec-3] o.u.e.i.b.c.FitnessProgramController     : User with id 1 requested his programs!
2024-01-21T18:01:30.243+01:00  INFO 4200 --- [http-nio-4040-exec-6] o.u.e.i.b.c.FitnessProgramController     : User with id 1 requested his programs!
2024-01-21T18:01:35.387+01:00  INFO 4200 --- [http-nio-4040-exec-10] o.u.e.i.b.c.FitnessProgramController     : User with id 1 requested his programs!
2024-01-21T18:01:56.469+01:00  INFO 4200 --- [http-nio-4040-exec-9] o.u.e.i.b.c.FitnessProgramController     : User with id 1 requested his programs!
2024-01-21T18:02:02.485+01:00  INFO 4200 --- [http-nio-4040-exec-8] o.u.e.i.b.c.FitnessProgramController     : User with id 1 requested his programs!
2024-01-21T18:02:25.680+01:00  INFO 4200 --- [http-nio-4040-exec-3] o.u.e.i.b.c.FitnessProgramController     : User with id 1 requested his programs!
2024-01-21T18:03:02.035+01:00  INFO 4200 --- [http-nio-4040-exec-6] o.u.e.i.b.c.FitnessProgramController     : User with id 1 requested his programs!
2024-01-21T18:05:44.425+01:00  INFO 4200 --- [http-nio-4040-exec-5] o.u.e.i.b.c.FitnessProgramController     : User with id 1 requested his programs!
2024-01-21T18:06:14.333+01:00  INFO 4200 --- [http-nio-4040-exec-2] o.u.e.i.b.c.FitnessProgramController     : User with id 1 requested his programs!
2024-01-21T18:09:15.484+01:00  INFO 4200 --- [http-nio-4040-exec-1] o.u.e.i.b.c.FitnessProgramController     : User with id 1 tried to create program with name asfasf
2024-01-21T18:09:15.564+01:00  INFO 4200 --- [http-nio-4040-exec-1] o.u.e.i.b.service.FitnessProgramService  : User with id 1 created program with id 22
2024-01-21T18:09:15.603+01:00  INFO 4200 --- [http-nio-4040-exec-5] o.u.e.i.b.c.FitnessProgramController     : User with id 1 requested his programs!
